Using pre-set license
Built from '2021.3/release' branch; Version is '2021.3.28f1 (232e59c3f087) revision 2305625'; Using compiler version '192829333'; Build Type 'Release'
OS: 'Windows 11  (10.0.22631) 64bit Professional' Language: 'en' Physical Memory: 32562 MB
BatchMode: 1, IsHumanControllingUs: 0, StartBugReporterOnCrash: 0, Is64bit: 1, IsPro: 1

COMMAND LINE ARGUMENTS:
C:\Program Files\Unity\Hub\Editor\2021.3.28f1\Editor\Unity.exe
-adb2
-batchMode
-noUpm
-name
AssetImportWorker4
-projectPath
D:/FreeLance/NewChess/AmericanCatur
-logFile
Logs/AssetImportWorker4.log
-srvPort
63087
Successfully changed project path to: D:/FreeLance/NewChess/AmericanCatur
D:/FreeLance/NewChess/AmericanCatur
[UnityMemory] Configuration Parameters - Can be set up in boot.config
    "memorysetup-bucket-allocator-granularity=16"
    "memorysetup-bucket-allocator-bucket-count=8"
    "memorysetup-bucket-allocator-block-size=33554432"
    "memorysetup-bucket-allocator-block-count=8"
    "memorysetup-main-allocator-block-size=16777216"
    "memorysetup-thread-allocator-block-size=16777216"
    "memorysetup-gfx-main-allocator-block-size=16777216"
    "memorysetup-gfx-thread-allocator-block-size=16777216"
    "memorysetup-cache-allocator-block-size=4194304"
    "memorysetup-typetree-allocator-block-size=2097152"
    "memorysetup-profiler-bucket-allocator-granularity=16"
    "memorysetup-profiler-bucket-allocator-bucket-count=8"
    "memorysetup-profiler-bucket-allocator-block-size=33554432"
    "memorysetup-profiler-bucket-allocator-block-count=8"
    "memorysetup-profiler-allocator-block-size=16777216"
    "memorysetup-profiler-editor-allocator-block-size=1048576"
    "memorysetup-temp-allocator-size-main=16777216"
    "memorysetup-job-temp-allocator-block-size=2097152"
    "memorysetup-job-temp-allocator-block-size-background=1048576"
    "memorysetup-job-temp-allocator-reduction-small-platforms=262144"
    "memorysetup-temp-allocator-size-background-worker=32768"
    "memorysetup-temp-allocator-size-job-worker=262144"
    "memorysetup-temp-allocator-size-preload-manager=33554432"
    "memorysetup-temp-allocator-size-nav-mesh-worker=65536"
    "memorysetup-temp-allocator-size-audio-worker=65536"
    "memorysetup-temp-allocator-size-cloud-worker=32768"
    "memorysetup-temp-allocator-size-gi-baking-worker=262144"
    "memorysetup-temp-allocator-size-gfx=262144"
Player connection [89652] Host "[IP] 192.168.208.1 [Port] 0 [Flags] 2 [Guid] 195899663 [EditorId] 195899663 [Version] 1048832 [Id] WindowsEditor(7,Muaaz-PC) [Debug] 1 [PackageName] WindowsEditor [ProjectName] Editor" joined multi-casting on [225.0.0.222:54997]...

Player connection [89652] Host "[IP] 192.168.208.1 [Port] 0 [Flags] 2 [Guid] 195899663 [EditorId] 195899663 [Version] 1048832 [Id] WindowsEditor(7,Muaaz-PC) [Debug] 1 [PackageName] WindowsEditor [ProjectName] Editor" joined alternative multi-casting on [225.0.0.222:34997]...

Refreshing native plugins compatible for Editor in 288.00 ms, found 8 plugins.
Preloading 0 native plugins for Editor in 0.00 ms.
Initialize engine version: 2021.3.28f1 (232e59c3f087)
[Subsystems] Discovering subsystems at path C:/Program Files/Unity/Hub/Editor/2021.3.28f1/Editor/Data/Resources/UnitySubsystems
[Subsystems] Discovering subsystems at path D:/FreeLance/NewChess/AmericanCatur/Assets
GfxDevice: creating device client; threaded=0; jobified=0
Direct3D:
    Version:  Direct3D 11.0 [level 11.1]
    Renderer: Intel(R) UHD Graphics 630 (ID=0x3e9b)
    Vendor:   Intel
    VRAM:     16281 MB
    Driver:   31.0.101.2127
Initialize mono
Mono path[0] = 'C:/Program Files/Unity/Hub/Editor/2021.3.28f1/Editor/Data/Managed'
Mono path[1] = 'C:/Program Files/Unity/Hub/Editor/2021.3.28f1/Editor/Data/MonoBleedingEdge/lib/mono/unityjit-win32'
Mono config path = 'C:/Program Files/Unity/Hub/Editor/2021.3.28f1/Editor/Data/MonoBleedingEdge/etc'
Using monoOptions --debugger-agent=transport=dt_socket,embedding=1,server=y,suspend=n,address=127.0.0.1:56440
Begin MonoManager ReloadAssembly
Registering precompiled unity dll's ...
Register platform support module: C:/Program Files/Unity/Hub/Editor/2021.3.28f1/Editor/Data/PlaybackEngines/WebGLSupport/UnityEditor.WebGL.Extensions.dll
Register platform support module: C:/Program Files/Unity/Hub/Editor/2021.3.28f1/Editor/Data/PlaybackEngines/WindowsStandaloneSupport/UnityEditor.WindowsStandalone.Extensions.dll
Registered in 0.007814 seconds.
Native extension for WindowsStandalone target not found
Native extension for WebGL target not found
Refreshing native plugins compatible for Editor in 260.83 ms, found 8 plugins.
Preloading 0 native plugins for Editor in 0.00 ms.
Mono: successfully reloaded assembly
- Completed reload, in  1.231 seconds
Domain Reload Profiling:
	ReloadAssembly (1232ms)
		BeginReloadAssembly (139ms)
			ExecutionOrderSort (0ms)
			DisableScriptedObjects (0ms)
			BackupInstance (0ms)
			ReleaseScriptingObjects (0ms)
			CreateAndSetChildDomain (1ms)
		EndReloadAssembly (926ms)
			LoadAssemblies (135ms)
			RebuildTransferFunctionScriptingTraits (0ms)
			SetupTypeCache (179ms)
			ReleaseScriptCaches (0ms)
			RebuildScriptCaches (66ms)
			SetupLoadedEditorAssemblies (582ms)
				LogAssemblyErrors (0ms)
				InitializePlatformSupportModulesInManaged (16ms)
				SetLoadedEditorAssemblies (0ms)
				RefreshPlugins (261ms)
				BeforeProcessingInitializeOnLoad (4ms)
				ProcessInitializeOnLoadAttributes (210ms)
				ProcessInitializeOnLoadMethodAttributes (91ms)
				AfterProcessingInitializeOnLoad (0ms)
				EditorAssembliesLoaded (0ms)
			ExecutionOrderSort2 (0ms)
			AwakeInstancesAfterBackupRestoration (0ms)
Platform modules already initialized, skipping
Registering precompiled user dll's ...
Registered in 0.027962 seconds.
Begin MonoManager ReloadAssembly
Symbol file LoadedFromMemory doesn't match image D:\FreeLance\NewChess\AmericanCatur\Library\PackageCache\com.unity.visualscripting@1.8.0\Editor\VisualScripting.Core\Dependencies\DotNetZip\Unity.VisualScripting.IonicZip.dll
Symbol file LoadedFromMemory is not a mono symbol file
Symbol file LoadedFromMemory doesn't match image D:\FreeLance\NewChess\AmericanCatur\Library\PackageCache\com.unity.visualscripting@1.8.0\Editor\VisualScripting.Core\Dependencies\YamlDotNet\Unity.VisualScripting.YamlDotNet.dll
Native extension for WindowsStandalone target not found
Native extension for WebGL target not found
Refreshing native plugins compatible for Editor in 204.86 ms, found 8 plugins.
Preloading 0 native plugins for Editor in 0.00 ms.
Refresh completed but there are assets queued up for importing. Check for code that modifies assets which gets called after OnPostProcessAllAssets. Additional details in Log file
UnityEngine.StackTraceUtility:ExtractStackTrace ()
UnityEditor.AssetDatabase:ImportAsset (string)
Fusion.Editor.NetworkProjectConfigUtilities:EditTimeLoadGlobalConfigWrapper () (at Assets/Photon/Fusion/Scripts/Editor/Fusion.Editor.cs:10325)
Fusion.NetworkProjectConfig/Static/<>c:<Reload>b__6_0 () (at Fusion/Fusion.Runtime/Runner/NetworkProjectConfig.cs:512)
System.Lazy`1<Fusion.NetworkProjectConfigAsset>:ViaFactory (System.Threading.LazyThreadSafetyMode)
System.Lazy`1<Fusion.NetworkProjectConfigAsset>:CreateValue ()
System.Lazy`1<Fusion.NetworkProjectConfigAsset>:get_Value ()
Fusion.NetworkProjectConfig:get_Global () (at Fusion/Fusion.Runtime/Runner/NetworkProjectConfig.cs:151)
Photon.Voice.Fusion.Editor.VoiceEditorHelper:AddVoiceAsmdef () (at Assets/Photon/PhotonVoice/Code/Fusion/Editor/VoiceEditorHelper.cs:37)
Photon.Voice.Fusion.Editor.VoiceEditorHelper:.cctor () (at Assets/Photon/PhotonVoice/Code/Fusion/Editor/VoiceEditorHelper.cs:15)
System.Runtime.CompilerServices.RuntimeHelpers:RunClassConstructor (System.RuntimeTypeHandle)
UnityEditor.EditorAssemblies:ProcessInitializeOnLoadAttributes (System.Type[])

[Assets/Photon/Fusion/Scripts/Editor/Fusion.Editor.cs line 10325]

Assets queued for import after Refresh completed:
	Assets/Photon/Fusion/Resources/NetworkProjectConfig.fusion
Asset Pipeline Refresh: Total: 0.001 seconds - Initiated by StopAssetImportingV2(NoUpdateAssetOptions)
Assertion failed on expression: 'm_Ptr'
UnityEngine.StackTraceUtility:ExtractStackTrace ()
UnityEditor.AssetDatabase:ImportAsset (string)
Fusion.Editor.NetworkProjectConfigUtilities:EditTimeLoadGlobalConfigWrapper () (at Assets/Photon/Fusion/Scripts/Editor/Fusion.Editor.cs:10325)
Fusion.NetworkProjectConfig/Static/<>c:<Reload>b__6_0 () (at Fusion/Fusion.Runtime/Runner/NetworkProjectConfig.cs:512)
System.Lazy`1<Fusion.NetworkProjectConfigAsset>:ViaFactory (System.Threading.LazyThreadSafetyMode)
System.Lazy`1<Fusion.NetworkProjectConfigAsset>:CreateValue ()
System.Lazy`1<Fusion.NetworkProjectConfigAsset>:get_Value ()
Fusion.NetworkProjectConfig:get_Global () (at Fusion/Fusion.Runtime/Runner/NetworkProjectConfig.cs:151)
Photon.Voice.Fusion.Editor.VoiceEditorHelper:AddVoiceAsmdef () (at Assets/Photon/PhotonVoice/Code/Fusion/Editor/VoiceEditorHelper.cs:37)
Photon.Voice.Fusion.Editor.VoiceEditorHelper:.cctor () (at Assets/Photon/PhotonVoice/Code/Fusion/Editor/VoiceEditorHelper.cs:15)
System.Runtime.CompilerServices.RuntimeHelpers:RunClassConstructor (System.RuntimeTypeHandle)
UnityEditor.EditorAssemblies:ProcessInitializeOnLoadAttributes (System.Type[])

[Assets/Photon/Fusion/Scripts/Editor/Fusion.Editor.cs line 10325]

<color=#73ACE5>[Fusion/Config]</color> Config created/dirty during import, this is not supported
UnityEngine.StackTraceUtility:ExtractStackTrace ()
UnityEngine.DebugLogHandler:LogFormat (UnityEngine.LogType,UnityEngine.Object,string,object[])
UnityEngine.Logger:Log (UnityEngine.LogType,object)
UnityEngine.Debug:LogWarning (object)
Fusion.Editor.FusionEditorLog:WarnConfig (string) (at Assets/Photon/Fusion/Scripts/Editor/Fusion.Editor.cs:9866)
Fusion.Editor.NetworkProjectConfigUtilities:EditTimeLoadGlobalConfigWrapper () (at Assets/Photon/Fusion/Scripts/Editor/Fusion.Editor.cs:10331)
Fusion.NetworkProjectConfig/Static/<>c:<Reload>b__6_0 () (at Fusion/Fusion.Runtime/Runner/NetworkProjectConfig.cs:512)
System.Lazy`1<Fusion.NetworkProjectConfigAsset>:ViaFactory (System.Threading.LazyThreadSafetyMode)
System.Lazy`1<Fusion.NetworkProjectConfigAsset>:CreateValue ()
System.Lazy`1<Fusion.NetworkProjectConfigAsset>:get_Value ()
Fusion.NetworkProjectConfig:get_Global () (at Fusion/Fusion.Runtime/Runner/NetworkProjectConfig.cs:151)
Photon.Voice.Fusion.Editor.VoiceEditorHelper:AddVoiceAsmdef () (at Assets/Photon/PhotonVoice/Code/Fusion/Editor/VoiceEditorHelper.cs:37)
Photon.Voice.Fusion.Editor.VoiceEditorHelper:.cctor () (at Assets/Photon/PhotonVoice/Code/Fusion/Editor/VoiceEditorHelper.cs:15)
System.Runtime.CompilerServices.RuntimeHelpers:RunClassConstructor (System.RuntimeTypeHandle)
UnityEditor.EditorAssemblies:ProcessInitializeOnLoadAttributes (System.Type[])

(Filename: Assets/Photon/Fusion/Scripts/Editor/Fusion.Editor.cs Line: 9866)

Mono: successfully reloaded assembly
- Completed reload, in 13.995 seconds
Domain Reload Profiling:
	ReloadAssembly (13997ms)
		BeginReloadAssembly (211ms)
			ExecutionOrderSort (0ms)
			DisableScriptedObjects (10ms)
			BackupInstance (0ms)
			ReleaseScriptingObjects (0ms)
			CreateAndSetChildDomain (39ms)
		EndReloadAssembly (13586ms)
			LoadAssemblies (11777ms)
			RebuildTransferFunctionScriptingTraits (0ms)
			SetupTypeCache (516ms)
			ReleaseScriptCaches (1ms)
			RebuildScriptCaches (123ms)
			SetupLoadedEditorAssemblies (1110ms)
				LogAssemblyErrors (0ms)
				InitializePlatformSupportModulesInManaged (8ms)
				SetLoadedEditorAssemblies (1ms)
				RefreshPlugins (205ms)
				BeforeProcessingInitializeOnLoad (231ms)
				ProcessInitializeOnLoadAttributes (573ms)
				ProcessInitializeOnLoadMethodAttributes (83ms)
				AfterProcessingInitializeOnLoad (9ms)
				EditorAssembliesLoaded (0ms)
			ExecutionOrderSort2 (0ms)
			AwakeInstancesAfterBackupRestoration (9ms)
Platform modules already initialized, skipping
========================================================================
Worker process is ready to serve import requests
Launched and connected shader compiler UnityShaderCompiler.exe after 0.07 seconds
Refreshing native plugins compatible for Editor in 3.52 ms, found 8 plugins.
Preloading 0 native plugins for Editor in 0.00 ms.
Unloading 6136 Unused Serialized files (Serialized files now loaded: 0)
Unloading 120 unused Assets / (0.7 MB). Loaded Objects now: 6560.
Memory consumption went from 241.8 MB to 241.1 MB.
Total: 5.226500 ms (FindLiveObjects: 0.591200 ms CreateObjectMapping: 0.573800 ms MarkObjects: 3.671600 ms  DeleteObjects: 0.388200 ms)

AssetImportParameters requested are different than current active one (requested -> active):
  custom:video-decoder-ogg-theora: a1e56fd34408186e4bbccfd4996cb3dc -> 
  custom:container-muxer-webm: aa71ff27fc2769a1b78a27578f13a17b -> 
  custom:container-demuxer-webm: 4f35f7cbe854078d1ac9338744f61a02 -> 
  custom:FusionILWeaverTriggerImporter/ConfigHash: 841ae3c624cefb6ec2fa1ff7f4c36f56 -> 
  custom:video-encoder-webm-vp8: eb34c28f22e8b96e1ab97ce403110664 -> 
  custom:CustomObjectIndexerAttribute: 6b0e35c9178b02a6363f3721b7b8e397 -> 
  custom:audio-encoder-webm-vorbis: bf7c407c2cedff20999df2af8eb42d56 -> 
  custom:framework-win-MediaFoundation: 216162199b28c13a410421893ffa2e32 -> 
  custom:container-demuxer-ogg: 62fdf1f143b41e24485cea50d1cbac27 -> 
  custom:video-decoder-webm-vp8: 9c59270c3fd7afecdb556c50c9e8de78 -> 
  custom:audio-decoder-ogg-vorbis: bf7c407c2cedff20999df2af8eb42d56 -> 
========================================================================
Received Prepare
Registering precompiled user dll's ...
Registered in 0.024359 seconds.
Begin MonoManager ReloadAssembly
Symbol file LoadedFromMemory doesn't match image D:\FreeLance\NewChess\AmericanCatur\Library\PackageCache\com.unity.visualscripting@1.8.0\Editor\VisualScripting.Core\Dependencies\DotNetZip\Unity.VisualScripting.IonicZip.dll
Symbol file LoadedFromMemory is not a mono symbol file
Symbol file LoadedFromMemory doesn't match image D:\FreeLance\NewChess\AmericanCatur\Library\PackageCache\com.unity.visualscripting@1.8.0\Editor\VisualScripting.Core\Dependencies\YamlDotNet\Unity.VisualScripting.YamlDotNet.dll
Native extension for WindowsStandalone target not found
Native extension for WebGL target not found
Refreshing native plugins compatible for Editor in 1.69 ms, found 8 plugins.
Preloading 0 native plugins for Editor in 0.00 ms.
Refresh completed but there are assets queued up for importing. Check for code that modifies assets which gets called after OnPostProcessAllAssets. Additional details in Log file
UnityEngine.StackTraceUtility:ExtractStackTrace ()
UnityEditor.AssetDatabase:ImportAsset (string)
Fusion.Editor.NetworkProjectConfigUtilities:EditTimeLoadGlobalConfigWrapper () (at Assets/Photon/Fusion/Scripts/Editor/Fusion.Editor.cs:10325)
Fusion.NetworkProjectConfig/Static/<>c:<Reload>b__6_0 () (at Fusion/Fusion.Runtime/Runner/NetworkProjectConfig.cs:512)
System.Lazy`1<Fusion.NetworkProjectConfigAsset>:ViaFactory (System.Threading.LazyThreadSafetyMode)
System.Lazy`1<Fusion.NetworkProjectConfigAsset>:CreateValue ()
System.Lazy`1<Fusion.NetworkProjectConfigAsset>:get_Value ()
Fusion.NetworkProjectConfig:get_Global () (at Fusion/Fusion.Runtime/Runner/NetworkProjectConfig.cs:151)
Photon.Voice.Fusion.Editor.VoiceEditorHelper:AddVoiceAsmdef () (at Assets/Photon/PhotonVoice/Code/Fusion/Editor/VoiceEditorHelper.cs:37)
Photon.Voice.Fusion.Editor.VoiceEditorHelper:.cctor () (at Assets/Photon/PhotonVoice/Code/Fusion/Editor/VoiceEditorHelper.cs:15)
System.Runtime.CompilerServices.RuntimeHelpers:RunClassConstructor (System.RuntimeTypeHandle)
UnityEditor.EditorAssemblies:ProcessInitializeOnLoadAttributes (System.Type[])

[Assets/Photon/Fusion/Scripts/Editor/Fusion.Editor.cs line 10325]

Assets queued for import after Refresh completed:
	Assets/Photon/Fusion/Resources/NetworkProjectConfig.fusion
Asset Pipeline Refresh: Total: 0.002 seconds - Initiated by StopAssetImportingV2(NoUpdateAssetOptions)
Assertion failed on expression: 'm_Ptr'
UnityEngine.StackTraceUtility:ExtractStackTrace ()
UnityEditor.AssetDatabase:ImportAsset (string)
Fusion.Editor.NetworkProjectConfigUtilities:EditTimeLoadGlobalConfigWrapper () (at Assets/Photon/Fusion/Scripts/Editor/Fusion.Editor.cs:10325)
Fusion.NetworkProjectConfig/Static/<>c:<Reload>b__6_0 () (at Fusion/Fusion.Runtime/Runner/NetworkProjectConfig.cs:512)
System.Lazy`1<Fusion.NetworkProjectConfigAsset>:ViaFactory (System.Threading.LazyThreadSafetyMode)
System.Lazy`1<Fusion.NetworkProjectConfigAsset>:CreateValue ()
System.Lazy`1<Fusion.NetworkProjectConfigAsset>:get_Value ()
Fusion.NetworkProjectConfig:get_Global () (at Fusion/Fusion.Runtime/Runner/NetworkProjectConfig.cs:151)
Photon.Voice.Fusion.Editor.VoiceEditorHelper:AddVoiceAsmdef () (at Assets/Photon/PhotonVoice/Code/Fusion/Editor/VoiceEditorHelper.cs:37)
Photon.Voice.Fusion.Editor.VoiceEditorHelper:.cctor () (at Assets/Photon/PhotonVoice/Code/Fusion/Editor/VoiceEditorHelper.cs:15)
System.Runtime.CompilerServices.RuntimeHelpers:RunClassConstructor (System.RuntimeTypeHandle)
UnityEditor.EditorAssemblies:ProcessInitializeOnLoadAttributes (System.Type[])

[Assets/Photon/Fusion/Scripts/Editor/Fusion.Editor.cs line 10325]

<color=#73ACE5>[Fusion/Config]</color> Config created/dirty during import, this is not supported
UnityEngine.StackTraceUtility:ExtractStackTrace ()
UnityEngine.DebugLogHandler:LogFormat (UnityEngine.LogType,UnityEngine.Object,string,object[])
UnityEngine.Logger:Log (UnityEngine.LogType,object)
UnityEngine.Debug:LogWarning (object)
Fusion.Editor.FusionEditorLog:WarnConfig (string) (at Assets/Photon/Fusion/Scripts/Editor/Fusion.Editor.cs:9866)
Fusion.Editor.NetworkProjectConfigUtilities:EditTimeLoadGlobalConfigWrapper () (at Assets/Photon/Fusion/Scripts/Editor/Fusion.Editor.cs:10331)
Fusion.NetworkProjectConfig/Static/<>c:<Reload>b__6_0 () (at Fusion/Fusion.Runtime/Runner/NetworkProjectConfig.cs:512)
System.Lazy`1<Fusion.NetworkProjectConfigAsset>:ViaFactory (System.Threading.LazyThreadSafetyMode)
System.Lazy`1<Fusion.NetworkProjectConfigAsset>:CreateValue ()
System.Lazy`1<Fusion.NetworkProjectConfigAsset>:get_Value ()
Fusion.NetworkProjectConfig:get_Global () (at Fusion/Fusion.Runtime/Runner/NetworkProjectConfig.cs:151)
Photon.Voice.Fusion.Editor.VoiceEditorHelper:AddVoiceAsmdef () (at Assets/Photon/PhotonVoice/Code/Fusion/Editor/VoiceEditorHelper.cs:37)
Photon.Voice.Fusion.Editor.VoiceEditorHelper:.cctor () (at Assets/Photon/PhotonVoice/Code/Fusion/Editor/VoiceEditorHelper.cs:15)
System.Runtime.CompilerServices.RuntimeHelpers:RunClassConstructor (System.RuntimeTypeHandle)
UnityEditor.EditorAssemblies:ProcessInitializeOnLoadAttributes (System.Type[])

(Filename: Assets/Photon/Fusion/Scripts/Editor/Fusion.Editor.cs Line: 9866)

Mono: successfully reloaded assembly
- Completed reload, in  2.257 seconds
Domain Reload Profiling:
	ReloadAssembly (2258ms)
		BeginReloadAssembly (267ms)
			ExecutionOrderSort (0ms)
			DisableScriptedObjects (20ms)
			BackupInstance (0ms)
			ReleaseScriptingObjects (0ms)
			CreateAndSetChildDomain (82ms)
		EndReloadAssembly (1832ms)
			LoadAssemblies (206ms)
			RebuildTransferFunctionScriptingTraits (0ms)
			SetupTypeCache (628ms)
			ReleaseScriptCaches (3ms)
			RebuildScriptCaches (109ms)
			SetupLoadedEditorAssemblies (779ms)
				LogAssemblyErrors (0ms)
				InitializePlatformSupportModulesInManaged (10ms)
				SetLoadedEditorAssemblies (1ms)
				RefreshPlugins (2ms)
				BeforeProcessingInitializeOnLoad (203ms)
				ProcessInitializeOnLoadAttributes (469ms)
				ProcessInitializeOnLoadMethodAttributes (80ms)
				AfterProcessingInitializeOnLoad (14ms)
				EditorAssembliesLoaded (0ms)
			ExecutionOrderSort2 (0ms)
			AwakeInstancesAfterBackupRestoration (19ms)
Platform modules already initialized, skipping
Refreshing native plugins compatible for Editor in 11.23 ms, found 8 plugins.
Preloading 0 native plugins for Editor in 0.00 ms.
Unloading 5982 Unused Serialized files (Serialized files now loaded: 0)
Unloading 105 unused Assets / (0.7 MB). Loaded Objects now: 6566.
Memory consumption went from 230.3 MB to 229.6 MB.
Total: 8.790600 ms (FindLiveObjects: 0.674900 ms CreateObjectMapping: 0.781400 ms MarkObjects: 6.944600 ms  DeleteObjects: 0.387600 ms)

AssetImportParameters requested are different than current active one (requested -> active):
  custom:video-decoder-ogg-theora: a1e56fd34408186e4bbccfd4996cb3dc -> 
  custom:container-muxer-webm: aa71ff27fc2769a1b78a27578f13a17b -> 
  custom:container-demuxer-webm: 4f35f7cbe854078d1ac9338744f61a02 -> 
  custom:FusionILWeaverTriggerImporter/ConfigHash: 841ae3c624cefb6ec2fa1ff7f4c36f56 -> 
  custom:video-encoder-webm-vp8: eb34c28f22e8b96e1ab97ce403110664 -> 
  custom:CustomObjectIndexerAttribute: 6b0e35c9178b02a6363f3721b7b8e397 -> 
  custom:audio-encoder-webm-vorbis: bf7c407c2cedff20999df2af8eb42d56 -> 
  custom:framework-win-MediaFoundation: 216162199b28c13a410421893ffa2e32 -> 
  custom:container-demuxer-ogg: 62fdf1f143b41e24485cea50d1cbac27 -> 
  custom:video-decoder-webm-vp8: 9c59270c3fd7afecdb556c50c9e8de78 -> 
  custom:audio-decoder-ogg-vorbis: bf7c407c2cedff20999df2af8eb42d56 -> 
========================================================================
Received Import Request.
  Time since last request: 973509.505889 seconds.
  path: Assets/2D Casual UI/Sprite/GUI.png
  artifactKey: Guid(b0be206b1f1da9940bbb73be1d4b03eb) Importer(815301076,1909f56bfc062723c751e8b465ee728b)
Start importing Assets/2D Casual UI/Sprite/GUI.png using Guid(b0be206b1f1da9940bbb73be1d4b03eb) Importer(815301076,1909f56bfc062723c751e8b465ee728b)  -> (artifact id: '572fe311441377afa9b39c36f00ec4e6') in 0.185012 seconds 
========================================================================
Received Import Request.
  Time since last request: 175.741258 seconds.
  path: Assets/Prefabs/GameLauncher.prefab
  artifactKey: Guid(9dc616795a9f638409a9eed09b1073a3) Importer(815301076,1909f56bfc062723c751e8b465ee728b)
Start importing Assets/Prefabs/GameLauncher.prefab using Guid(9dc616795a9f638409a9eed09b1073a3) Importer(815301076,1909f56bfc062723c751e8b465ee728b)  -> (artifact id: '02edaa2e37acf78ab954f325dcac6e66') in 0.105977 seconds 
========================================================================
Received Import Request.
  Time since last request: 17.823593 seconds.
  path: Assets/Animations/Dice/Opponent
  artifactKey: Guid(7ad44a403312b6340b2deb624777d3dd) Importer(815301076,1909f56bfc062723c751e8b465ee728b)
Start importing Assets/Animations/Dice/Opponent using Guid(7ad44a403312b6340b2deb624777d3dd) Importer(815301076,1909f56bfc062723c751e8b465ee728b)  -> (artifact id: 'cfb6795cd3d031ef918c5764afef8442') in 0.008843 seconds 
========================================================================
Received Prepare
Registering precompiled user dll's ...
Registered in 0.030055 seconds.
Begin MonoManager ReloadAssembly
Symbol file LoadedFromMemory doesn't match image D:\FreeLance\NewChess\AmericanCatur\Library\PackageCache\com.unity.visualscripting@1.8.0\Editor\VisualScripting.Core\Dependencies\DotNetZip\Unity.VisualScripting.IonicZip.dll
Symbol file LoadedFromMemory is not a mono symbol file
Symbol file LoadedFromMemory doesn't match image D:\FreeLance\NewChess\AmericanCatur\Library\PackageCache\com.unity.visualscripting@1.8.0\Editor\VisualScripting.Core\Dependencies\YamlDotNet\Unity.VisualScripting.YamlDotNet.dll
Native extension for WindowsStandalone target not found
Native extension for WebGL target not found
Refreshing native plugins compatible for Editor in 2.29 ms, found 8 plugins.
Preloading 0 native plugins for Editor in 0.00 ms.
Refresh completed but there are assets queued up for importing. Check for code that modifies assets which gets called after OnPostProcessAllAssets. Additional details in Log file
UnityEngine.StackTraceUtility:ExtractStackTrace ()
UnityEditor.AssetDatabase:ImportAsset (string)
Fusion.Editor.NetworkProjectConfigUtilities:EditTimeLoadGlobalConfigWrapper () (at Assets/Photon/Fusion/Scripts/Editor/Fusion.Editor.cs:10325)
Fusion.NetworkProjectConfig/Static/<>c:<Reload>b__6_0 () (at Fusion/Fusion.Runtime/Runner/NetworkProjectConfig.cs:512)
System.Lazy`1<Fusion.NetworkProjectConfigAsset>:ViaFactory (System.Threading.LazyThreadSafetyMode)
System.Lazy`1<Fusion.NetworkProjectConfigAsset>:CreateValue ()
System.Lazy`1<Fusion.NetworkProjectConfigAsset>:get_Value ()
Fusion.NetworkProjectConfig:get_Global () (at Fusion/Fusion.Runtime/Runner/NetworkProjectConfig.cs:151)
Photon.Voice.Fusion.Editor.VoiceEditorHelper:AddVoiceAsmdef () (at Assets/Photon/PhotonVoice/Code/Fusion/Editor/VoiceEditorHelper.cs:37)
Photon.Voice.Fusion.Editor.VoiceEditorHelper:.cctor () (at Assets/Photon/PhotonVoice/Code/Fusion/Editor/VoiceEditorHelper.cs:15)
System.Runtime.CompilerServices.RuntimeHelpers:RunClassConstructor (System.RuntimeTypeHandle)
UnityEditor.EditorAssemblies:ProcessInitializeOnLoadAttributes (System.Type[])

[Assets/Photon/Fusion/Scripts/Editor/Fusion.Editor.cs line 10325]

Assets queued for import after Refresh completed:
	Assets/Photon/Fusion/Resources/NetworkProjectConfig.fusion
Asset Pipeline Refresh: Total: 0.002 seconds - Initiated by StopAssetImportingV2(NoUpdateAssetOptions)
Assertion failed on expression: 'm_Ptr'
UnityEngine.StackTraceUtility:ExtractStackTrace ()
UnityEditor.AssetDatabase:ImportAsset (string)
Fusion.Editor.NetworkProjectConfigUtilities:EditTimeLoadGlobalConfigWrapper () (at Assets/Photon/Fusion/Scripts/Editor/Fusion.Editor.cs:10325)
Fusion.NetworkProjectConfig/Static/<>c:<Reload>b__6_0 () (at Fusion/Fusion.Runtime/Runner/NetworkProjectConfig.cs:512)
System.Lazy`1<Fusion.NetworkProjectConfigAsset>:ViaFactory (System.Threading.LazyThreadSafetyMode)
System.Lazy`1<Fusion.NetworkProjectConfigAsset>:CreateValue ()
System.Lazy`1<Fusion.NetworkProjectConfigAsset>:get_Value ()
Fusion.NetworkProjectConfig:get_Global () (at Fusion/Fusion.Runtime/Runner/NetworkProjectConfig.cs:151)
Photon.Voice.Fusion.Editor.VoiceEditorHelper:AddVoiceAsmdef () (at Assets/Photon/PhotonVoice/Code/Fusion/Editor/VoiceEditorHelper.cs:37)
Photon.Voice.Fusion.Editor.VoiceEditorHelper:.cctor () (at Assets/Photon/PhotonVoice/Code/Fusion/Editor/VoiceEditorHelper.cs:15)
System.Runtime.CompilerServices.RuntimeHelpers:RunClassConstructor (System.RuntimeTypeHandle)
UnityEditor.EditorAssemblies:ProcessInitializeOnLoadAttributes (System.Type[])

[Assets/Photon/Fusion/Scripts/Editor/Fusion.Editor.cs line 10325]

<color=#73ACE5>[Fusion/Config]</color> Config created/dirty during import, this is not supported
UnityEngine.StackTraceUtility:ExtractStackTrace ()
UnityEngine.DebugLogHandler:LogFormat (UnityEngine.LogType,UnityEngine.Object,string,object[])
UnityEngine.Logger:Log (UnityEngine.LogType,object)
UnityEngine.Debug:LogWarning (object)
Fusion.Editor.FusionEditorLog:WarnConfig (string) (at Assets/Photon/Fusion/Scripts/Editor/Fusion.Editor.cs:9866)
Fusion.Editor.NetworkProjectConfigUtilities:EditTimeLoadGlobalConfigWrapper () (at Assets/Photon/Fusion/Scripts/Editor/Fusion.Editor.cs:10331)
Fusion.NetworkProjectConfig/Static/<>c:<Reload>b__6_0 () (at Fusion/Fusion.Runtime/Runner/NetworkProjectConfig.cs:512)
System.Lazy`1<Fusion.NetworkProjectConfigAsset>:ViaFactory (System.Threading.LazyThreadSafetyMode)
System.Lazy`1<Fusion.NetworkProjectConfigAsset>:CreateValue ()
System.Lazy`1<Fusion.NetworkProjectConfigAsset>:get_Value ()
Fusion.NetworkProjectConfig:get_Global () (at Fusion/Fusion.Runtime/Runner/NetworkProjectConfig.cs:151)
Photon.Voice.Fusion.Editor.VoiceEditorHelper:AddVoiceAsmdef () (at Assets/Photon/PhotonVoice/Code/Fusion/Editor/VoiceEditorHelper.cs:37)
Photon.Voice.Fusion.Editor.VoiceEditorHelper:.cctor () (at Assets/Photon/PhotonVoice/Code/Fusion/Editor/VoiceEditorHelper.cs:15)
System.Runtime.CompilerServices.RuntimeHelpers:RunClassConstructor (System.RuntimeTypeHandle)
UnityEditor.EditorAssemblies:ProcessInitializeOnLoadAttributes (System.Type[])

(Filename: Assets/Photon/Fusion/Scripts/Editor/Fusion.Editor.cs Line: 9866)

Mono: successfully reloaded assembly
- Completed reload, in  2.119 seconds
Domain Reload Profiling:
	ReloadAssembly (2120ms)
		BeginReloadAssembly (273ms)
			ExecutionOrderSort (0ms)
			DisableScriptedObjects (30ms)
			BackupInstance (0ms)
			ReleaseScriptingObjects (0ms)
			CreateAndSetChildDomain (82ms)
		EndReloadAssembly (1668ms)
			LoadAssemblies (198ms)
			RebuildTransferFunctionScriptingTraits (0ms)
			SetupTypeCache (518ms)
			ReleaseScriptCaches (2ms)
			RebuildScriptCaches (95ms)
			SetupLoadedEditorAssemblies (781ms)
				LogAssemblyErrors (0ms)
				InitializePlatformSupportModulesInManaged (12ms)
				SetLoadedEditorAssemblies (1ms)
				RefreshPlugins (2ms)
				BeforeProcessingInitializeOnLoad (175ms)
				ProcessInitializeOnLoadAttributes (498ms)
				ProcessInitializeOnLoadMethodAttributes (85ms)
				AfterProcessingInitializeOnLoad (8ms)
				EditorAssembliesLoaded (0ms)
			ExecutionOrderSort2 (0ms)
			AwakeInstancesAfterBackupRestoration (18ms)
Platform modules already initialized, skipping
Refreshing native plugins compatible for Editor in 17.64 ms, found 8 plugins.
Preloading 0 native plugins for Editor in 0.00 ms.
Unloading 5978 Unused Serialized files (Serialized files now loaded: 0)
Unloading 106 unused Assets / (0.7 MB). Loaded Objects now: 6570.
Memory consumption went from 230.3 MB to 229.6 MB.
Total: 5.446500 ms (FindLiveObjects: 0.526300 ms CreateObjectMapping: 0.512300 ms MarkObjects: 3.976900 ms  DeleteObjects: 0.429600 ms)

AssetImportParameters requested are different than current active one (requested -> active):
  custom:video-decoder-ogg-theora: a1e56fd34408186e4bbccfd4996cb3dc -> 
  custom:container-muxer-webm: aa71ff27fc2769a1b78a27578f13a17b -> 
  custom:container-demuxer-webm: 4f35f7cbe854078d1ac9338744f61a02 -> 
  custom:FusionILWeaverTriggerImporter/ConfigHash: 841ae3c624cefb6ec2fa1ff7f4c36f56 -> 
  custom:video-encoder-webm-vp8: eb34c28f22e8b96e1ab97ce403110664 -> 
  custom:CustomObjectIndexerAttribute: 6b0e35c9178b02a6363f3721b7b8e397 -> 
  custom:audio-encoder-webm-vorbis: bf7c407c2cedff20999df2af8eb42d56 -> 
  custom:framework-win-MediaFoundation: 216162199b28c13a410421893ffa2e32 -> 
  custom:container-demuxer-ogg: 62fdf1f143b41e24485cea50d1cbac27 -> 
  custom:video-decoder-webm-vp8: 9c59270c3fd7afecdb556c50c9e8de78 -> 
  custom:audio-decoder-ogg-vorbis: bf7c407c2cedff20999df2af8eb42d56 -> 
========================================================================
Received Import Request.
  Time since last request: 790.058856 seconds.
  path: Assets/Prefabs/PromotionPanels/Burgendy6th.prefab
  artifactKey: Guid(5e60f709a55f97349bd67aab8278e504) Importer(815301076,1909f56bfc062723c751e8b465ee728b)
Start importing Assets/Prefabs/PromotionPanels/Burgendy6th.prefab using Guid(5e60f709a55f97349bd67aab8278e504) Importer(815301076,1909f56bfc062723c751e8b465ee728b)  -> (artifact id: 'e2383084a22c6f7f474a3e2545dc000d') in 0.097256 seconds 
========================================================================
Received Import Request.
  Time since last request: 76.940256 seconds.
  path: Assets/Scripts/Backend/PlayfabData.cs
  artifactKey: Guid(e755a476aadc8ba479c16af6c2dcc140) Importer(815301076,1909f56bfc062723c751e8b465ee728b)
Start importing Assets/Scripts/Backend/PlayfabData.cs using Guid(e755a476aadc8ba479c16af6c2dcc140) Importer(815301076,1909f56bfc062723c751e8b465ee728b)  -> (artifact id: '3083d38e6d20007e4bf96edaa93cd314') in 0.030520 seconds 
========================================================================
Received Import Request.
  Time since last request: 0.501363 seconds.
  path: Assets/Scripts/Backend/PlayfabManager.cs
  artifactKey: Guid(409081528d627c544bcafb93c484dccc) Importer(815301076,1909f56bfc062723c751e8b465ee728b)
Start importing Assets/Scripts/Backend/PlayfabManager.cs using Guid(409081528d627c544bcafb93c484dccc) Importer(815301076,1909f56bfc062723c751e8b465ee728b)  -> (artifact id: '64401b0820e1c5fe8330415e46b15234') in 0.012258 seconds 
========================================================================
Received Prepare
Registering precompiled user dll's ...
Registered in 0.025761 seconds.
Begin MonoManager ReloadAssembly
Symbol file LoadedFromMemory doesn't match image D:\FreeLance\NewChess\AmericanCatur\Library\PackageCache\com.unity.visualscripting@1.8.0\Editor\VisualScripting.Core\Dependencies\DotNetZip\Unity.VisualScripting.IonicZip.dll
Symbol file LoadedFromMemory is not a mono symbol file
Symbol file LoadedFromMemory doesn't match image D:\FreeLance\NewChess\AmericanCatur\Library\PackageCache\com.unity.visualscripting@1.8.0\Editor\VisualScripting.Core\Dependencies\YamlDotNet\Unity.VisualScripting.YamlDotNet.dll
Native extension for WindowsStandalone target not found
Native extension for WebGL target not found
Refreshing native plugins compatible for Editor in 2.03 ms, found 8 plugins.
Preloading 0 native plugins for Editor in 0.00 ms.
Refresh completed but there are assets queued up for importing. Check for code that modifies assets which gets called after OnPostProcessAllAssets. Additional details in Log file
UnityEngine.StackTraceUtility:ExtractStackTrace ()
UnityEditor.AssetDatabase:ImportAsset (string)
Fusion.Editor.NetworkProjectConfigUtilities:EditTimeLoadGlobalConfigWrapper () (at Assets/Photon/Fusion/Scripts/Editor/Fusion.Editor.cs:10325)
Fusion.NetworkProjectConfig/Static/<>c:<Reload>b__6_0 () (at Fusion/Fusion.Runtime/Runner/NetworkProjectConfig.cs:512)
System.Lazy`1<Fusion.NetworkProjectConfigAsset>:ViaFactory (System.Threading.LazyThreadSafetyMode)
System.Lazy`1<Fusion.NetworkProjectConfigAsset>:CreateValue ()
System.Lazy`1<Fusion.NetworkProjectConfigAsset>:get_Value ()
Fusion.NetworkProjectConfig:get_Global () (at Fusion/Fusion.Runtime/Runner/NetworkProjectConfig.cs:151)
Photon.Voice.Fusion.Editor.VoiceEditorHelper:AddVoiceAsmdef () (at Assets/Photon/PhotonVoice/Code/Fusion/Editor/VoiceEditorHelper.cs:37)
Photon.Voice.Fusion.Editor.VoiceEditorHelper:.cctor () (at Assets/Photon/PhotonVoice/Code/Fusion/Editor/VoiceEditorHelper.cs:15)
System.Runtime.CompilerServices.RuntimeHelpers:RunClassConstructor (System.RuntimeTypeHandle)
UnityEditor.EditorAssemblies:ProcessInitializeOnLoadAttributes (System.Type[])

[Assets/Photon/Fusion/Scripts/Editor/Fusion.Editor.cs line 10325]

Assets queued for import after Refresh completed:
	Assets/Photon/Fusion/Resources/NetworkProjectConfig.fusion
Asset Pipeline Refresh: Total: 0.003 seconds - Initiated by StopAssetImportingV2(NoUpdateAssetOptions)
Assertion failed on expression: 'm_Ptr'
UnityEngine.StackTraceUtility:ExtractStackTrace ()
UnityEditor.AssetDatabase:ImportAsset (string)
Fusion.Editor.NetworkProjectConfigUtilities:EditTimeLoadGlobalConfigWrapper () (at Assets/Photon/Fusion/Scripts/Editor/Fusion.Editor.cs:10325)
Fusion.NetworkProjectConfig/Static/<>c:<Reload>b__6_0 () (at Fusion/Fusion.Runtime/Runner/NetworkProjectConfig.cs:512)
System.Lazy`1<Fusion.NetworkProjectConfigAsset>:ViaFactory (System.Threading.LazyThreadSafetyMode)
System.Lazy`1<Fusion.NetworkProjectConfigAsset>:CreateValue ()
System.Lazy`1<Fusion.NetworkProjectConfigAsset>:get_Value ()
Fusion.NetworkProjectConfig:get_Global () (at Fusion/Fusion.Runtime/Runner/NetworkProjectConfig.cs:151)
Photon.Voice.Fusion.Editor.VoiceEditorHelper:AddVoiceAsmdef () (at Assets/Photon/PhotonVoice/Code/Fusion/Editor/VoiceEditorHelper.cs:37)
Photon.Voice.Fusion.Editor.VoiceEditorHelper:.cctor () (at Assets/Photon/PhotonVoice/Code/Fusion/Editor/VoiceEditorHelper.cs:15)
System.Runtime.CompilerServices.RuntimeHelpers:RunClassConstructor (System.RuntimeTypeHandle)
UnityEditor.EditorAssemblies:ProcessInitializeOnLoadAttributes (System.Type[])

[Assets/Photon/Fusion/Scripts/Editor/Fusion.Editor.cs line 10325]

<color=#73ACE5>[Fusion/Config]</color> Config created/dirty during import, this is not supported
UnityEngine.StackTraceUtility:ExtractStackTrace ()
UnityEngine.DebugLogHandler:LogFormat (UnityEngine.LogType,UnityEngine.Object,string,object[])
UnityEngine.Logger:Log (UnityEngine.LogType,object)
UnityEngine.Debug:LogWarning (object)
Fusion.Editor.FusionEditorLog:WarnConfig (string) (at Assets/Photon/Fusion/Scripts/Editor/Fusion.Editor.cs:9866)
Fusion.Editor.NetworkProjectConfigUtilities:EditTimeLoadGlobalConfigWrapper () (at Assets/Photon/Fusion/Scripts/Editor/Fusion.Editor.cs:10331)
Fusion.NetworkProjectConfig/Static/<>c:<Reload>b__6_0 () (at Fusion/Fusion.Runtime/Runner/NetworkProjectConfig.cs:512)
System.Lazy`1<Fusion.NetworkProjectConfigAsset>:ViaFactory (System.Threading.LazyThreadSafetyMode)
System.Lazy`1<Fusion.NetworkProjectConfigAsset>:CreateValue ()
System.Lazy`1<Fusion.NetworkProjectConfigAsset>:get_Value ()
Fusion.NetworkProjectConfig:get_Global () (at Fusion/Fusion.Runtime/Runner/NetworkProjectConfig.cs:151)
Photon.Voice.Fusion.Editor.VoiceEditorHelper:AddVoiceAsmdef () (at Assets/Photon/PhotonVoice/Code/Fusion/Editor/VoiceEditorHelper.cs:37)
Photon.Voice.Fusion.Editor.VoiceEditorHelper:.cctor () (at Assets/Photon/PhotonVoice/Code/Fusion/Editor/VoiceEditorHelper.cs:15)
System.Runtime.CompilerServices.RuntimeHelpers:RunClassConstructor (System.RuntimeTypeHandle)
UnityEditor.EditorAssemblies:ProcessInitializeOnLoadAttributes (System.Type[])

(Filename: Assets/Photon/Fusion/Scripts/Editor/Fusion.Editor.cs Line: 9866)

Mono: successfully reloaded assembly
- Completed reload, in  2.213 seconds
Domain Reload Profiling:
	ReloadAssembly (2215ms)
		BeginReloadAssembly (389ms)
			ExecutionOrderSort (0ms)
			DisableScriptedObjects (49ms)
			BackupInstance (0ms)
			ReleaseScriptingObjects (0ms)
			CreateAndSetChildDomain (154ms)
		EndReloadAssembly (1667ms)
			LoadAssemblies (194ms)
			RebuildTransferFunctionScriptingTraits (0ms)
			SetupTypeCache (492ms)
			ReleaseScriptCaches (3ms)
			RebuildScriptCaches (97ms)
			SetupLoadedEditorAssemblies (780ms)
				LogAssemblyErrors (0ms)
				InitializePlatformSupportModulesInManaged (11ms)
				SetLoadedEditorAssemblies (1ms)
				RefreshPlugins (2ms)
				BeforeProcessingInitializeOnLoad (193ms)
				ProcessInitializeOnLoadAttributes (477ms)
				ProcessInitializeOnLoadMethodAttributes (81ms)
				AfterProcessingInitializeOnLoad (15ms)
				EditorAssembliesLoaded (1ms)
			ExecutionOrderSort2 (0ms)
			AwakeInstancesAfterBackupRestoration (24ms)
Platform modules already initialized, skipping
Refreshing native plugins compatible for Editor in 11.77 ms, found 8 plugins.
Preloading 0 native plugins for Editor in 0.00 ms.
Unloading 5966 Unused Serialized files (Serialized files now loaded: 0)
Unloading 115 unused Assets / (0.7 MB). Loaded Objects now: 6563.
Memory consumption went from 229.9 MB to 229.2 MB.
Total: 7.937200 ms (FindLiveObjects: 0.517600 ms CreateObjectMapping: 0.599400 ms MarkObjects: 6.417200 ms  DeleteObjects: 0.401400 ms)

AssetImportParameters requested are different than current active one (requested -> active):
  custom:video-decoder-ogg-theora: a1e56fd34408186e4bbccfd4996cb3dc -> 
  custom:container-muxer-webm: aa71ff27fc2769a1b78a27578f13a17b -> 
  custom:container-demuxer-webm: 4f35f7cbe854078d1ac9338744f61a02 -> 
  custom:FusionILWeaverTriggerImporter/ConfigHash: 841ae3c624cefb6ec2fa1ff7f4c36f56 -> 
  custom:video-encoder-webm-vp8: eb34c28f22e8b96e1ab97ce403110664 -> 
  custom:CustomObjectIndexerAttribute: 6b0e35c9178b02a6363f3721b7b8e397 -> 
  custom:audio-encoder-webm-vorbis: bf7c407c2cedff20999df2af8eb42d56 -> 
  custom:framework-win-MediaFoundation: 216162199b28c13a410421893ffa2e32 -> 
  custom:container-demuxer-ogg: 62fdf1f143b41e24485cea50d1cbac27 -> 
  custom:video-decoder-webm-vp8: 9c59270c3fd7afecdb556c50c9e8de78 -> 
  custom:audio-decoder-ogg-vorbis: bf7c407c2cedff20999df2af8eb42d56 -> 
========================================================================
Received Prepare
Registering precompiled user dll's ...
Registered in 0.031916 seconds.
Begin MonoManager ReloadAssembly
Symbol file LoadedFromMemory doesn't match image D:\FreeLance\NewChess\AmericanCatur\Library\PackageCache\com.unity.visualscripting@1.8.0\Editor\VisualScripting.Core\Dependencies\DotNetZip\Unity.VisualScripting.IonicZip.dll
Symbol file LoadedFromMemory is not a mono symbol file
Symbol file LoadedFromMemory doesn't match image D:\FreeLance\NewChess\AmericanCatur\Library\PackageCache\com.unity.visualscripting@1.8.0\Editor\VisualScripting.Core\Dependencies\YamlDotNet\Unity.VisualScripting.YamlDotNet.dll
Native extension for WindowsStandalone target not found
Native extension for WebGL target not found
Refreshing native plugins compatible for Editor in 3.66 ms, found 8 plugins.
Preloading 0 native plugins for Editor in 0.00 ms.
Refresh completed but there are assets queued up for importing. Check for code that modifies assets which gets called after OnPostProcessAllAssets. Additional details in Log file
UnityEngine.StackTraceUtility:ExtractStackTrace ()
UnityEditor.AssetDatabase:ImportAsset (string)
Fusion.Editor.NetworkProjectConfigUtilities:EditTimeLoadGlobalConfigWrapper () (at Assets/Photon/Fusion/Scripts/Editor/Fusion.Editor.cs:10325)
Fusion.NetworkProjectConfig/Static/<>c:<Reload>b__6_0 () (at Fusion/Fusion.Runtime/Runner/NetworkProjectConfig.cs:512)
System.Lazy`1<Fusion.NetworkProjectConfigAsset>:ViaFactory (System.Threading.LazyThreadSafetyMode)
System.Lazy`1<Fusion.NetworkProjectConfigAsset>:CreateValue ()
System.Lazy`1<Fusion.NetworkProjectConfigAsset>:get_Value ()
Fusion.NetworkProjectConfig:get_Global () (at Fusion/Fusion.Runtime/Runner/NetworkProjectConfig.cs:151)
Photon.Voice.Fusion.Editor.VoiceEditorHelper:AddVoiceAsmdef () (at Assets/Photon/PhotonVoice/Code/Fusion/Editor/VoiceEditorHelper.cs:37)
Photon.Voice.Fusion.Editor.VoiceEditorHelper:.cctor () (at Assets/Photon/PhotonVoice/Code/Fusion/Editor/VoiceEditorHelper.cs:15)
System.Runtime.CompilerServices.RuntimeHelpers:RunClassConstructor (System.RuntimeTypeHandle)
UnityEditor.EditorAssemblies:ProcessInitializeOnLoadAttributes (System.Type[])

[Assets/Photon/Fusion/Scripts/Editor/Fusion.Editor.cs line 10325]

Assets queued for import after Refresh completed:
	Assets/Photon/Fusion/Resources/NetworkProjectConfig.fusion
Asset Pipeline Refresh: Total: 0.003 seconds - Initiated by StopAssetImportingV2(NoUpdateAssetOptions)
Assertion failed on expression: 'm_Ptr'
UnityEngine.StackTraceUtility:ExtractStackTrace ()
UnityEditor.AssetDatabase:ImportAsset (string)
Fusion.Editor.NetworkProjectConfigUtilities:EditTimeLoadGlobalConfigWrapper () (at Assets/Photon/Fusion/Scripts/Editor/Fusion.Editor.cs:10325)
Fusion.NetworkProjectConfig/Static/<>c:<Reload>b__6_0 () (at Fusion/Fusion.Runtime/Runner/NetworkProjectConfig.cs:512)
System.Lazy`1<Fusion.NetworkProjectConfigAsset>:ViaFactory (System.Threading.LazyThreadSafetyMode)
System.Lazy`1<Fusion.NetworkProjectConfigAsset>:CreateValue ()
System.Lazy`1<Fusion.NetworkProjectConfigAsset>:get_Value ()
Fusion.NetworkProjectConfig:get_Global () (at Fusion/Fusion.Runtime/Runner/NetworkProjectConfig.cs:151)
Photon.Voice.Fusion.Editor.VoiceEditorHelper:AddVoiceAsmdef () (at Assets/Photon/PhotonVoice/Code/Fusion/Editor/VoiceEditorHelper.cs:37)
Photon.Voice.Fusion.Editor.VoiceEditorHelper:.cctor () (at Assets/Photon/PhotonVoice/Code/Fusion/Editor/VoiceEditorHelper.cs:15)
System.Runtime.CompilerServices.RuntimeHelpers:RunClassConstructor (System.RuntimeTypeHandle)
UnityEditor.EditorAssemblies:ProcessInitializeOnLoadAttributes (System.Type[])

[Assets/Photon/Fusion/Scripts/Editor/Fusion.Editor.cs line 10325]

<color=#73ACE5>[Fusion/Config]</color> Config created/dirty during import, this is not supported
UnityEngine.StackTraceUtility:ExtractStackTrace ()
UnityEngine.DebugLogHandler:LogFormat (UnityEngine.LogType,UnityEngine.Object,string,object[])
UnityEngine.Logger:Log (UnityEngine.LogType,object)
UnityEngine.Debug:LogWarning (object)
Fusion.Editor.FusionEditorLog:WarnConfig (string) (at Assets/Photon/Fusion/Scripts/Editor/Fusion.Editor.cs:9866)
Fusion.Editor.NetworkProjectConfigUtilities:EditTimeLoadGlobalConfigWrapper () (at Assets/Photon/Fusion/Scripts/Editor/Fusion.Editor.cs:10331)
Fusion.NetworkProjectConfig/Static/<>c:<Reload>b__6_0 () (at Fusion/Fusion.Runtime/Runner/NetworkProjectConfig.cs:512)
System.Lazy`1<Fusion.NetworkProjectConfigAsset>:ViaFactory (System.Threading.LazyThreadSafetyMode)
System.Lazy`1<Fusion.NetworkProjectConfigAsset>:CreateValue ()
System.Lazy`1<Fusion.NetworkProjectConfigAsset>:get_Value ()
Fusion.NetworkProjectConfig:get_Global () (at Fusion/Fusion.Runtime/Runner/NetworkProjectConfig.cs:151)
Photon.Voice.Fusion.Editor.VoiceEditorHelper:AddVoiceAsmdef () (at Assets/Photon/PhotonVoice/Code/Fusion/Editor/VoiceEditorHelper.cs:37)
Photon.Voice.Fusion.Editor.VoiceEditorHelper:.cctor () (at Assets/Photon/PhotonVoice/Code/Fusion/Editor/VoiceEditorHelper.cs:15)
System.Runtime.CompilerServices.RuntimeHelpers:RunClassConstructor (System.RuntimeTypeHandle)
UnityEditor.EditorAssemblies:ProcessInitializeOnLoadAttributes (System.Type[])

(Filename: Assets/Photon/Fusion/Scripts/Editor/Fusion.Editor.cs Line: 9866)

Mono: successfully reloaded assembly
- Completed reload, in  3.012 seconds
Domain Reload Profiling:
	ReloadAssembly (3014ms)
		BeginReloadAssembly (257ms)
			ExecutionOrderSort (0ms)
			DisableScriptedObjects (23ms)
			BackupInstance (0ms)
			ReleaseScriptingObjects (0ms)
			CreateAndSetChildDomain (65ms)
		EndReloadAssembly (2543ms)
			LoadAssemblies (208ms)
			RebuildTransferFunctionScriptingTraits (0ms)
			SetupTypeCache (634ms)
			ReleaseScriptCaches (4ms)
			RebuildScriptCaches (145ms)
			SetupLoadedEditorAssemblies (1348ms)
				LogAssemblyErrors (0ms)
				InitializePlatformSupportModulesInManaged (16ms)
				SetLoadedEditorAssemblies (1ms)
				RefreshPlugins (4ms)
				BeforeProcessingInitializeOnLoad (271ms)
				ProcessInitializeOnLoadAttributes (884ms)
				ProcessInitializeOnLoadMethodAttributes (153ms)
				AfterProcessingInitializeOnLoad (18ms)
				EditorAssembliesLoaded (1ms)
			ExecutionOrderSort2 (0ms)
			AwakeInstancesAfterBackupRestoration (35ms)
Platform modules already initialized, skipping
Refreshing native plugins compatible for Editor in 23.11 ms, found 8 plugins.
Preloading 0 native plugins for Editor in 0.00 ms.
Unloading 5966 Unused Serialized files (Serialized files now loaded: 0)
Unloading 103 unused Assets / (0.7 MB). Loaded Objects now: 6568.
Memory consumption went from 229.7 MB to 229.0 MB.
Total: 7.868700 ms (FindLiveObjects: 1.208400 ms CreateObjectMapping: 0.951900 ms MarkObjects: 5.274100 ms  DeleteObjects: 0.432600 ms)

AssetImportParameters requested are different than current active one (requested -> active):
  custom:video-decoder-ogg-theora: a1e56fd34408186e4bbccfd4996cb3dc -> 
  custom:container-muxer-webm: aa71ff27fc2769a1b78a27578f13a17b -> 
  custom:container-demuxer-webm: 4f35f7cbe854078d1ac9338744f61a02 -> 
  custom:FusionILWeaverTriggerImporter/ConfigHash: 841ae3c624cefb6ec2fa1ff7f4c36f56 -> 
  custom:video-encoder-webm-vp8: eb34c28f22e8b96e1ab97ce403110664 -> 
  custom:CustomObjectIndexerAttribute: 6b0e35c9178b02a6363f3721b7b8e397 -> 
  custom:audio-encoder-webm-vorbis: bf7c407c2cedff20999df2af8eb42d56 -> 
  custom:framework-win-MediaFoundation: 216162199b28c13a410421893ffa2e32 -> 
  custom:container-demuxer-ogg: 62fdf1f143b41e24485cea50d1cbac27 -> 
  custom:video-decoder-webm-vp8: 9c59270c3fd7afecdb556c50c9e8de78 -> 
  custom:audio-decoder-ogg-vorbis: bf7c407c2cedff20999df2af8eb42d56 -> 
========================================================================
Received Import Request.
  Time since last request: 1749.395508 seconds.
  path: Assets/2D Casual UI/Original Artwork/GUI.psd
  artifactKey: Guid(af6395c932aa15b4f85bf454ddbe2d0d) Importer(815301076,1909f56bfc062723c751e8b465ee728b)
Start importing Assets/2D Casual UI/Original Artwork/GUI.psd using Guid(af6395c932aa15b4f85bf454ddbe2d0d) Importer(815301076,1909f56bfc062723c751e8b465ee728b)  -> (artifact id: '829f7e2a9ae416b0c2606a5a9aecaa98') in 0.018816 seconds 
========================================================================
Received Import Request.
  Time since last request: 24.130180 seconds.
  path: Assets/2D Casual UI/Sprite/GUI.png
  artifactKey: Guid(b0be206b1f1da9940bbb73be1d4b03eb) Importer(815301076,1909f56bfc062723c751e8b465ee728b)
Start importing Assets/2D Casual UI/Sprite/GUI.png using Guid(b0be206b1f1da9940bbb73be1d4b03eb) Importer(815301076,1909f56bfc062723c751e8b465ee728b)  -> (artifact id: 'f5eaee1343730bd756825842706b4469') in 0.014613 seconds 
========================================================================
Received Import Request.
  Time since last request: 6.348611 seconds.
  path: Assets/2D Casual UI/Sprite/GUI.png
  artifactKey: Guid(b0be206b1f1da9940bbb73be1d4b03eb) Importer(815301076,1909f56bfc062723c751e8b465ee728b)
Start importing Assets/2D Casual UI/Sprite/GUI.png using Guid(b0be206b1f1da9940bbb73be1d4b03eb) Importer(815301076,1909f56bfc062723c751e8b465ee728b)  -> (artifact id: 'f91ba5b9e7694ac17bbe2f141fb3d6d4') in 0.026284 seconds 
========================================================================
Received Import Request.
  Time since last request: 32.637723 seconds.
  path: Assets/Prefabs/UI/ArmySelectionPanel.prefab
  artifactKey: Guid(8bddbaa8b5a403549b1a48c85f21fcd7) Importer(815301076,1909f56bfc062723c751e8b465ee728b)
Start importing Assets/Prefabs/UI/ArmySelectionPanel.prefab using Guid(8bddbaa8b5a403549b1a48c85f21fcd7) Importer(815301076,1909f56bfc062723c751e8b465ee728b)  -> (artifact id: 'f14349a964a547066b75f330f0f0f81d') in 0.069853 seconds 
========================================================================
Received Import Request.
  Time since last request: 0.000025 seconds.
  path: Assets/Prefabs/UI/DiceRollingPanel.prefab
  artifactKey: Guid(af9a18d0ee3bd894fb58118e0e9018d3) Importer(815301076,1909f56bfc062723c751e8b465ee728b)
Start importing Assets/Prefabs/UI/DiceRollingPanel.prefab using Guid(af9a18d0ee3bd894fb58118e0e9018d3) Importer(815301076,1909f56bfc062723c751e8b465ee728b)  -> (artifact id: '879de89b5c69d97bc014446759914b23') in 0.036745 seconds 
========================================================================
Received Import Request.
  Time since last request: 73.507281 seconds.
  path: Assets/Prefabs/UI/ChatInterface.prefab
  artifactKey: Guid(1c149b8ca2b9f904a9621eea0d6508f1) Importer(815301076,1909f56bfc062723c751e8b465ee728b)
Start importing Assets/Prefabs/UI/ChatInterface.prefab using Guid(1c149b8ca2b9f904a9621eea0d6508f1) Importer(815301076,1909f56bfc062723c751e8b465ee728b)  -> (artifact id: '8cdac035c8299f5c148d6faa29ed1b32') in 0.022726 seconds 
========================================================================
Received Prepare
Registering precompiled user dll's ...
Registered in 0.031330 seconds.
Begin MonoManager ReloadAssembly
Symbol file LoadedFromMemory doesn't match image D:\FreeLance\NewChess\AmericanCatur\Library\PackageCache\com.unity.visualscripting@1.8.0\Editor\VisualScripting.Core\Dependencies\DotNetZip\Unity.VisualScripting.IonicZip.dll
Symbol file LoadedFromMemory is not a mono symbol file
Symbol file LoadedFromMemory doesn't match image D:\FreeLance\NewChess\AmericanCatur\Library\PackageCache\com.unity.visualscripting@1.8.0\Editor\VisualScripting.Core\Dependencies\YamlDotNet\Unity.VisualScripting.YamlDotNet.dll
Native extension for WindowsStandalone target not found
Native extension for WebGL target not found
Refreshing native plugins compatible for Editor in 4.99 ms, found 8 plugins.
Preloading 0 native plugins for Editor in 0.00 ms.
Refresh completed but there are assets queued up for importing. Check for code that modifies assets which gets called after OnPostProcessAllAssets. Additional details in Log file
UnityEngine.StackTraceUtility:ExtractStackTrace ()
UnityEditor.AssetDatabase:ImportAsset (string)
Fusion.Editor.NetworkProjectConfigUtilities:EditTimeLoadGlobalConfigWrapper () (at Assets/Photon/Fusion/Scripts/Editor/Fusion.Editor.cs:10325)
Fusion.NetworkProjectConfig/Static/<>c:<Reload>b__6_0 () (at Fusion/Fusion.Runtime/Runner/NetworkProjectConfig.cs:512)
System.Lazy`1<Fusion.NetworkProjectConfigAsset>:ViaFactory (System.Threading.LazyThreadSafetyMode)
System.Lazy`1<Fusion.NetworkProjectConfigAsset>:CreateValue ()
System.Lazy`1<Fusion.NetworkProjectConfigAsset>:get_Value ()
Fusion.NetworkProjectConfig:get_Global () (at Fusion/Fusion.Runtime/Runner/NetworkProjectConfig.cs:151)
Photon.Voice.Fusion.Editor.VoiceEditorHelper:AddVoiceAsmdef () (at Assets/Photon/PhotonVoice/Code/Fusion/Editor/VoiceEditorHelper.cs:37)
Photon.Voice.Fusion.Editor.VoiceEditorHelper:.cctor () (at Assets/Photon/PhotonVoice/Code/Fusion/Editor/VoiceEditorHelper.cs:15)
System.Runtime.CompilerServices.RuntimeHelpers:RunClassConstructor (System.RuntimeTypeHandle)
UnityEditor.EditorAssemblies:ProcessInitializeOnLoadAttributes (System.Type[])

[Assets/Photon/Fusion/Scripts/Editor/Fusion.Editor.cs line 10325]

Assets queued for import after Refresh completed:
	Assets/Photon/Fusion/Resources/NetworkProjectConfig.fusion
Asset Pipeline Refresh: Total: 0.006 seconds - Initiated by StopAssetImportingV2(NoUpdateAssetOptions)
Assertion failed on expression: 'm_Ptr'
UnityEngine.StackTraceUtility:ExtractStackTrace ()
UnityEditor.AssetDatabase:ImportAsset (string)
Fusion.Editor.NetworkProjectConfigUtilities:EditTimeLoadGlobalConfigWrapper () (at Assets/Photon/Fusion/Scripts/Editor/Fusion.Editor.cs:10325)
Fusion.NetworkProjectConfig/Static/<>c:<Reload>b__6_0 () (at Fusion/Fusion.Runtime/Runner/NetworkProjectConfig.cs:512)
System.Lazy`1<Fusion.NetworkProjectConfigAsset>:ViaFactory (System.Threading.LazyThreadSafetyMode)
System.Lazy`1<Fusion.NetworkProjectConfigAsset>:CreateValue ()
System.Lazy`1<Fusion.NetworkProjectConfigAsset>:get_Value ()
Fusion.NetworkProjectConfig:get_Global () (at Fusion/Fusion.Runtime/Runner/NetworkProjectConfig.cs:151)
Photon.Voice.Fusion.Editor.VoiceEditorHelper:AddVoiceAsmdef () (at Assets/Photon/PhotonVoice/Code/Fusion/Editor/VoiceEditorHelper.cs:37)
Photon.Voice.Fusion.Editor.VoiceEditorHelper:.cctor () (at Assets/Photon/PhotonVoice/Code/Fusion/Editor/VoiceEditorHelper.cs:15)
System.Runtime.CompilerServices.RuntimeHelpers:RunClassConstructor (System.RuntimeTypeHandle)
UnityEditor.EditorAssemblies:ProcessInitializeOnLoadAttributes (System.Type[])

[Assets/Photon/Fusion/Scripts/Editor/Fusion.Editor.cs line 10325]

<color=#73ACE5>[Fusion/Config]</color> Config created/dirty during import, this is not supported
UnityEngine.StackTraceUtility:ExtractStackTrace ()
UnityEngine.DebugLogHandler:LogFormat (UnityEngine.LogType,UnityEngine.Object,string,object[])
UnityEngine.Logger:Log (UnityEngine.LogType,object)
UnityEngine.Debug:LogWarning (object)
Fusion.Editor.FusionEditorLog:WarnConfig (string) (at Assets/Photon/Fusion/Scripts/Editor/Fusion.Editor.cs:9866)
Fusion.Editor.NetworkProjectConfigUtilities:EditTimeLoadGlobalConfigWrapper () (at Assets/Photon/Fusion/Scripts/Editor/Fusion.Editor.cs:10331)
Fusion.NetworkProjectConfig/Static/<>c:<Reload>b__6_0 () (at Fusion/Fusion.Runtime/Runner/NetworkProjectConfig.cs:512)
System.Lazy`1<Fusion.NetworkProjectConfigAsset>:ViaFactory (System.Threading.LazyThreadSafetyMode)
System.Lazy`1<Fusion.NetworkProjectConfigAsset>:CreateValue ()
System.Lazy`1<Fusion.NetworkProjectConfigAsset>:get_Value ()
Fusion.NetworkProjectConfig:get_Global () (at Fusion/Fusion.Runtime/Runner/NetworkProjectConfig.cs:151)
Photon.Voice.Fusion.Editor.VoiceEditorHelper:AddVoiceAsmdef () (at Assets/Photon/PhotonVoice/Code/Fusion/Editor/VoiceEditorHelper.cs:37)
Photon.Voice.Fusion.Editor.VoiceEditorHelper:.cctor () (at Assets/Photon/PhotonVoice/Code/Fusion/Editor/VoiceEditorHelper.cs:15)
System.Runtime.CompilerServices.RuntimeHelpers:RunClassConstructor (System.RuntimeTypeHandle)
UnityEditor.EditorAssemblies:ProcessInitializeOnLoadAttributes (System.Type[])

(Filename: Assets/Photon/Fusion/Scripts/Editor/Fusion.Editor.cs Line: 9866)

Mono: successfully reloaded assembly
- Completed reload, in  5.784 seconds
Domain Reload Profiling:
	ReloadAssembly (5787ms)
		BeginReloadAssembly (445ms)
			ExecutionOrderSort (0ms)
			DisableScriptedObjects (30ms)
			BackupInstance (0ms)
			ReleaseScriptingObjects (0ms)
			CreateAndSetChildDomain (133ms)
		EndReloadAssembly (4992ms)
			LoadAssemblies (404ms)
			RebuildTransferFunctionScriptingTraits (0ms)
			SetupTypeCache (1432ms)
			ReleaseScriptCaches (6ms)
			RebuildScriptCaches (330ms)
			SetupLoadedEditorAssemblies (2406ms)
				LogAssemblyErrors (0ms)
				InitializePlatformSupportModulesInManaged (25ms)
				SetLoadedEditorAssemblies (5ms)
				RefreshPlugins (5ms)
				BeforeProcessingInitializeOnLoad (490ms)
				ProcessInitializeOnLoadAttributes (1607ms)
				ProcessInitializeOnLoadMethodAttributes (247ms)
				AfterProcessingInitializeOnLoad (27ms)
				EditorAssembliesLoaded (1ms)
			ExecutionOrderSort2 (0ms)
			AwakeInstancesAfterBackupRestoration (60ms)
Platform modules already initialized, skipping
Refreshing native plugins compatible for Editor in 72.42 ms, found 8 plugins.
Preloading 0 native plugins for Editor in 0.00 ms.
Unloading 5966 Unused Serialized files (Serialized files now loaded: 0)
Unloading 103 unused Assets / (0.7 MB). Loaded Objects now: 6573.
Memory consumption went from 229.8 MB to 229.1 MB.
Total: 46.667700 ms (FindLiveObjects: 2.885600 ms CreateObjectMapping: 2.150000 ms MarkObjects: 40.266400 ms  DeleteObjects: 1.362500 ms)

AssetImportParameters requested are different than current active one (requested -> active):
  custom:video-decoder-ogg-theora: a1e56fd34408186e4bbccfd4996cb3dc -> 
  custom:container-muxer-webm: aa71ff27fc2769a1b78a27578f13a17b -> 
  custom:container-demuxer-webm: 4f35f7cbe854078d1ac9338744f61a02 -> 
  custom:FusionILWeaverTriggerImporter/ConfigHash: 841ae3c624cefb6ec2fa1ff7f4c36f56 -> 
  custom:video-encoder-webm-vp8: eb34c28f22e8b96e1ab97ce403110664 -> 
  custom:CustomObjectIndexerAttribute: 6b0e35c9178b02a6363f3721b7b8e397 -> 
  custom:audio-encoder-webm-vorbis: bf7c407c2cedff20999df2af8eb42d56 -> 
  custom:framework-win-MediaFoundation: 216162199b28c13a410421893ffa2e32 -> 
  custom:container-demuxer-ogg: 62fdf1f143b41e24485cea50d1cbac27 -> 
  custom:video-decoder-webm-vp8: 9c59270c3fd7afecdb556c50c9e8de78 -> 
  custom:audio-decoder-ogg-vorbis: bf7c407c2cedff20999df2af8eb42d56 -> 
========================================================================
Received Prepare
Registering precompiled user dll's ...
Registered in 0.039302 seconds.
Begin MonoManager ReloadAssembly
Symbol file LoadedFromMemory doesn't match image D:\FreeLance\NewChess\AmericanCatur\Library\PackageCache\com.unity.visualscripting@1.8.0\Editor\VisualScripting.Core\Dependencies\DotNetZip\Unity.VisualScripting.IonicZip.dll
Symbol file LoadedFromMemory is not a mono symbol file
Symbol file LoadedFromMemory doesn't match image D:\FreeLance\NewChess\AmericanCatur\Library\PackageCache\com.unity.visualscripting@1.8.0\Editor\VisualScripting.Core\Dependencies\YamlDotNet\Unity.VisualScripting.YamlDotNet.dll
Native extension for WindowsStandalone target not found
Native extension for WebGL target not found
Refreshing native plugins compatible for Editor in 4.54 ms, found 8 plugins.
Preloading 0 native plugins for Editor in 0.00 ms.
Refresh completed but there are assets queued up for importing. Check for code that modifies assets which gets called after OnPostProcessAllAssets. Additional details in Log file
UnityEngine.StackTraceUtility:ExtractStackTrace ()
UnityEditor.AssetDatabase:ImportAsset (string)
Fusion.Editor.NetworkProjectConfigUtilities:EditTimeLoadGlobalConfigWrapper () (at Assets/Photon/Fusion/Scripts/Editor/Fusion.Editor.cs:10325)
Fusion.NetworkProjectConfig/Static/<>c:<Reload>b__6_0 () (at Fusion/Fusion.Runtime/Runner/NetworkProjectConfig.cs:512)
System.Lazy`1<Fusion.NetworkProjectConfigAsset>:ViaFactory (System.Threading.LazyThreadSafetyMode)
System.Lazy`1<Fusion.NetworkProjectConfigAsset>:CreateValue ()
System.Lazy`1<Fusion.NetworkProjectConfigAsset>:get_Value ()
Fusion.NetworkProjectConfig:get_Global () (at Fusion/Fusion.Runtime/Runner/NetworkProjectConfig.cs:151)
Photon.Voice.Fusion.Editor.VoiceEditorHelper:AddVoiceAsmdef () (at Assets/Photon/PhotonVoice/Code/Fusion/Editor/VoiceEditorHelper.cs:37)
Photon.Voice.Fusion.Editor.VoiceEditorHelper:.cctor () (at Assets/Photon/PhotonVoice/Code/Fusion/Editor/VoiceEditorHelper.cs:15)
System.Runtime.CompilerServices.RuntimeHelpers:RunClassConstructor (System.RuntimeTypeHandle)
UnityEditor.EditorAssemblies:ProcessInitializeOnLoadAttributes (System.Type[])

[Assets/Photon/Fusion/Scripts/Editor/Fusion.Editor.cs line 10325]

Assets queued for import after Refresh completed:
	Assets/Photon/Fusion/Resources/NetworkProjectConfig.fusion
Asset Pipeline Refresh: Total: 0.010 seconds - Initiated by StopAssetImportingV2(NoUpdateAssetOptions)
Assertion failed on expression: 'm_Ptr'
UnityEngine.StackTraceUtility:ExtractStackTrace ()
UnityEditor.AssetDatabase:ImportAsset (string)
Fusion.Editor.NetworkProjectConfigUtilities:EditTimeLoadGlobalConfigWrapper () (at Assets/Photon/Fusion/Scripts/Editor/Fusion.Editor.cs:10325)
Fusion.NetworkProjectConfig/Static/<>c:<Reload>b__6_0 () (at Fusion/Fusion.Runtime/Runner/NetworkProjectConfig.cs:512)
System.Lazy`1<Fusion.NetworkProjectConfigAsset>:ViaFactory (System.Threading.LazyThreadSafetyMode)
System.Lazy`1<Fusion.NetworkProjectConfigAsset>:CreateValue ()
System.Lazy`1<Fusion.NetworkProjectConfigAsset>:get_Value ()
Fusion.NetworkProjectConfig:get_Global () (at Fusion/Fusion.Runtime/Runner/NetworkProjectConfig.cs:151)
Photon.Voice.Fusion.Editor.VoiceEditorHelper:AddVoiceAsmdef () (at Assets/Photon/PhotonVoice/Code/Fusion/Editor/VoiceEditorHelper.cs:37)
Photon.Voice.Fusion.Editor.VoiceEditorHelper:.cctor () (at Assets/Photon/PhotonVoice/Code/Fusion/Editor/VoiceEditorHelper.cs:15)
System.Runtime.CompilerServices.RuntimeHelpers:RunClassConstructor (System.RuntimeTypeHandle)
UnityEditor.EditorAssemblies:ProcessInitializeOnLoadAttributes (System.Type[])

[Assets/Photon/Fusion/Scripts/Editor/Fusion.Editor.cs line 10325]

<color=#73ACE5>[Fusion/Config]</color> Config created/dirty during import, this is not supported
UnityEngine.StackTraceUtility:ExtractStackTrace ()
UnityEngine.DebugLogHandler:LogFormat (UnityEngine.LogType,UnityEngine.Object,string,object[])
UnityEngine.Logger:Log (UnityEngine.LogType,object)
UnityEngine.Debug:LogWarning (object)
Fusion.Editor.FusionEditorLog:WarnConfig (string) (at Assets/Photon/Fusion/Scripts/Editor/Fusion.Editor.cs:9866)
Fusion.Editor.NetworkProjectConfigUtilities:EditTimeLoadGlobalConfigWrapper () (at Assets/Photon/Fusion/Scripts/Editor/Fusion.Editor.cs:10331)
Fusion.NetworkProjectConfig/Static/<>c:<Reload>b__6_0 () (at Fusion/Fusion.Runtime/Runner/NetworkProjectConfig.cs:512)
System.Lazy`1<Fusion.NetworkProjectConfigAsset>:ViaFactory (System.Threading.LazyThreadSafetyMode)
System.Lazy`1<Fusion.NetworkProjectConfigAsset>:CreateValue ()
System.Lazy`1<Fusion.NetworkProjectConfigAsset>:get_Value ()
Fusion.NetworkProjectConfig:get_Global () (at Fusion/Fusion.Runtime/Runner/NetworkProjectConfig.cs:151)
Photon.Voice.Fusion.Editor.VoiceEditorHelper:AddVoiceAsmdef () (at Assets/Photon/PhotonVoice/Code/Fusion/Editor/VoiceEditorHelper.cs:37)
Photon.Voice.Fusion.Editor.VoiceEditorHelper:.cctor () (at Assets/Photon/PhotonVoice/Code/Fusion/Editor/VoiceEditorHelper.cs:15)
System.Runtime.CompilerServices.RuntimeHelpers:RunClassConstructor (System.RuntimeTypeHandle)
UnityEditor.EditorAssemblies:ProcessInitializeOnLoadAttributes (System.Type[])

(Filename: Assets/Photon/Fusion/Scripts/Editor/Fusion.Editor.cs Line: 9866)

Mono: successfully reloaded assembly
- Completed reload, in  6.602 seconds
Domain Reload Profiling:
	ReloadAssembly (6605ms)
		BeginReloadAssembly (509ms)
			ExecutionOrderSort (0ms)
			DisableScriptedObjects (36ms)
			BackupInstance (0ms)
			ReleaseScriptingObjects (0ms)
			CreateAndSetChildDomain (134ms)
		EndReloadAssembly (5659ms)
			LoadAssemblies (543ms)
			RebuildTransferFunctionScriptingTraits (0ms)
			SetupTypeCache (1509ms)
			ReleaseScriptCaches (11ms)
			RebuildScriptCaches (551ms)
			SetupLoadedEditorAssemblies (2526ms)
				LogAssemblyErrors (0ms)
				InitializePlatformSupportModulesInManaged (33ms)
				SetLoadedEditorAssemblies (3ms)
				RefreshPlugins (5ms)
				BeforeProcessingInitializeOnLoad (516ms)
				ProcessInitializeOnLoadAttributes (1660ms)
				ProcessInitializeOnLoadMethodAttributes (278ms)
				AfterProcessingInitializeOnLoad (27ms)
				EditorAssembliesLoaded (3ms)
			ExecutionOrderSort2 (0ms)
			AwakeInstancesAfterBackupRestoration (64ms)
Platform modules already initialized, skipping
Refreshing native plugins compatible for Editor in 41.91 ms, found 8 plugins.
Preloading 0 native plugins for Editor in 0.00 ms.
Unloading 5966 Unused Serialized files (Serialized files now loaded: 0)
Unloading 103 unused Assets / (0.7 MB). Loaded Objects now: 6578.
Memory consumption went from 229.8 MB to 229.1 MB.
Total: 16.230300 ms (FindLiveObjects: 1.324000 ms CreateObjectMapping: 1.109500 ms MarkObjects: 11.796400 ms  DeleteObjects: 1.997600 ms)

AssetImportParameters requested are different than current active one (requested -> active):
  custom:video-decoder-ogg-theora: a1e56fd34408186e4bbccfd4996cb3dc -> 
  custom:container-muxer-webm: aa71ff27fc2769a1b78a27578f13a17b -> 
  custom:container-demuxer-webm: 4f35f7cbe854078d1ac9338744f61a02 -> 
  custom:FusionILWeaverTriggerImporter/ConfigHash: 841ae3c624cefb6ec2fa1ff7f4c36f56 -> 
  custom:video-encoder-webm-vp8: eb34c28f22e8b96e1ab97ce403110664 -> 
  custom:CustomObjectIndexerAttribute: 6b0e35c9178b02a6363f3721b7b8e397 -> 
  custom:audio-encoder-webm-vorbis: bf7c407c2cedff20999df2af8eb42d56 -> 
  custom:framework-win-MediaFoundation: 216162199b28c13a410421893ffa2e32 -> 
  custom:container-demuxer-ogg: 62fdf1f143b41e24485cea50d1cbac27 -> 
  custom:video-decoder-webm-vp8: 9c59270c3fd7afecdb556c50c9e8de78 -> 
  custom:audio-decoder-ogg-vorbis: bf7c407c2cedff20999df2af8eb42d56 -> 
========================================================================
Received Prepare
Registering precompiled user dll's ...
Registered in 0.035676 seconds.
Begin MonoManager ReloadAssembly
Symbol file LoadedFromMemory doesn't match image D:\FreeLance\NewChess\AmericanCatur\Library\PackageCache\com.unity.visualscripting@1.8.0\Editor\VisualScripting.Core\Dependencies\DotNetZip\Unity.VisualScripting.IonicZip.dll
Symbol file LoadedFromMemory is not a mono symbol file
Symbol file LoadedFromMemory doesn't match image D:\FreeLance\NewChess\AmericanCatur\Library\PackageCache\com.unity.visualscripting@1.8.0\Editor\VisualScripting.Core\Dependencies\YamlDotNet\Unity.VisualScripting.YamlDotNet.dll
Native extension for WindowsStandalone target not found
Native extension for WebGL target not found
Refreshing native plugins compatible for Editor in 1.94 ms, found 8 plugins.
Preloading 0 native plugins for Editor in 0.00 ms.
Refresh completed but there are assets queued up for importing. Check for code that modifies assets which gets called after OnPostProcessAllAssets. Additional details in Log file
UnityEngine.StackTraceUtility:ExtractStackTrace ()
UnityEditor.AssetDatabase:ImportAsset (string)
Fusion.Editor.NetworkProjectConfigUtilities:EditTimeLoadGlobalConfigWrapper () (at Assets/Photon/Fusion/Scripts/Editor/Fusion.Editor.cs:10325)
Fusion.NetworkProjectConfig/Static/<>c:<Reload>b__6_0 () (at Fusion/Fusion.Runtime/Runner/NetworkProjectConfig.cs:512)
System.Lazy`1<Fusion.NetworkProjectConfigAsset>:ViaFactory (System.Threading.LazyThreadSafetyMode)
System.Lazy`1<Fusion.NetworkProjectConfigAsset>:CreateValue ()
System.Lazy`1<Fusion.NetworkProjectConfigAsset>:get_Value ()
Fusion.NetworkProjectConfig:get_Global () (at Fusion/Fusion.Runtime/Runner/NetworkProjectConfig.cs:151)
Photon.Voice.Fusion.Editor.VoiceEditorHelper:AddVoiceAsmdef () (at Assets/Photon/PhotonVoice/Code/Fusion/Editor/VoiceEditorHelper.cs:37)
Photon.Voice.Fusion.Editor.VoiceEditorHelper:.cctor () (at Assets/Photon/PhotonVoice/Code/Fusion/Editor/VoiceEditorHelper.cs:15)
System.Runtime.CompilerServices.RuntimeHelpers:RunClassConstructor (System.RuntimeTypeHandle)
UnityEditor.EditorAssemblies:ProcessInitializeOnLoadAttributes (System.Type[])

[Assets/Photon/Fusion/Scripts/Editor/Fusion.Editor.cs line 10325]

Assets queued for import after Refresh completed:
	Assets/Photon/Fusion/Resources/NetworkProjectConfig.fusion
Asset Pipeline Refresh: Total: 0.003 seconds - Initiated by StopAssetImportingV2(NoUpdateAssetOptions)
Assertion failed on expression: 'm_Ptr'
UnityEngine.StackTraceUtility:ExtractStackTrace ()
UnityEditor.AssetDatabase:ImportAsset (string)
Fusion.Editor.NetworkProjectConfigUtilities:EditTimeLoadGlobalConfigWrapper () (at Assets/Photon/Fusion/Scripts/Editor/Fusion.Editor.cs:10325)
Fusion.NetworkProjectConfig/Static/<>c:<Reload>b__6_0 () (at Fusion/Fusion.Runtime/Runner/NetworkProjectConfig.cs:512)
System.Lazy`1<Fusion.NetworkProjectConfigAsset>:ViaFactory (System.Threading.LazyThreadSafetyMode)
System.Lazy`1<Fusion.NetworkProjectConfigAsset>:CreateValue ()
System.Lazy`1<Fusion.NetworkProjectConfigAsset>:get_Value ()
Fusion.NetworkProjectConfig:get_Global () (at Fusion/Fusion.Runtime/Runner/NetworkProjectConfig.cs:151)
Photon.Voice.Fusion.Editor.VoiceEditorHelper:AddVoiceAsmdef () (at Assets/Photon/PhotonVoice/Code/Fusion/Editor/VoiceEditorHelper.cs:37)
Photon.Voice.Fusion.Editor.VoiceEditorHelper:.cctor () (at Assets/Photon/PhotonVoice/Code/Fusion/Editor/VoiceEditorHelper.cs:15)
System.Runtime.CompilerServices.RuntimeHelpers:RunClassConstructor (System.RuntimeTypeHandle)
UnityEditor.EditorAssemblies:ProcessInitializeOnLoadAttributes (System.Type[])

[Assets/Photon/Fusion/Scripts/Editor/Fusion.Editor.cs line 10325]

<color=#73ACE5>[Fusion/Config]</color> Config created/dirty during import, this is not supported
UnityEngine.StackTraceUtility:ExtractStackTrace ()
UnityEngine.DebugLogHandler:LogFormat (UnityEngine.LogType,UnityEngine.Object,string,object[])
UnityEngine.Logger:Log (UnityEngine.LogType,object)
UnityEngine.Debug:LogWarning (object)
Fusion.Editor.FusionEditorLog:WarnConfig (string) (at Assets/Photon/Fusion/Scripts/Editor/Fusion.Editor.cs:9866)
Fusion.Editor.NetworkProjectConfigUtilities:EditTimeLoadGlobalConfigWrapper () (at Assets/Photon/Fusion/Scripts/Editor/Fusion.Editor.cs:10331)
Fusion.NetworkProjectConfig/Static/<>c:<Reload>b__6_0 () (at Fusion/Fusion.Runtime/Runner/NetworkProjectConfig.cs:512)
System.Lazy`1<Fusion.NetworkProjectConfigAsset>:ViaFactory (System.Threading.LazyThreadSafetyMode)
System.Lazy`1<Fusion.NetworkProjectConfigAsset>:CreateValue ()
System.Lazy`1<Fusion.NetworkProjectConfigAsset>:get_Value ()
Fusion.NetworkProjectConfig:get_Global () (at Fusion/Fusion.Runtime/Runner/NetworkProjectConfig.cs:151)
Photon.Voice.Fusion.Editor.VoiceEditorHelper:AddVoiceAsmdef () (at Assets/Photon/PhotonVoice/Code/Fusion/Editor/VoiceEditorHelper.cs:37)
Photon.Voice.Fusion.Editor.VoiceEditorHelper:.cctor () (at Assets/Photon/PhotonVoice/Code/Fusion/Editor/VoiceEditorHelper.cs:15)
System.Runtime.CompilerServices.RuntimeHelpers:RunClassConstructor (System.RuntimeTypeHandle)
UnityEditor.EditorAssemblies:ProcessInitializeOnLoadAttributes (System.Type[])

(Filename: Assets/Photon/Fusion/Scripts/Editor/Fusion.Editor.cs Line: 9866)

Mono: successfully reloaded assembly
- Completed reload, in  2.369 seconds
Domain Reload Profiling:
	ReloadAssembly (2370ms)
		BeginReloadAssembly (276ms)
			ExecutionOrderSort (0ms)
			DisableScriptedObjects (32ms)
			BackupInstance (0ms)
			ReleaseScriptingObjects (0ms)
			CreateAndSetChildDomain (65ms)
		EndReloadAssembly (1914ms)
			LoadAssemblies (220ms)
			RebuildTransferFunctionScriptingTraits (0ms)
			SetupTypeCache (565ms)
			ReleaseScriptCaches (2ms)
			RebuildScriptCaches (107ms)
			SetupLoadedEditorAssemblies (887ms)
				LogAssemblyErrors (0ms)
				InitializePlatformSupportModulesInManaged (11ms)
				SetLoadedEditorAssemblies (1ms)
				RefreshPlugins (2ms)
				BeforeProcessingInitializeOnLoad (228ms)
				ProcessInitializeOnLoadAttributes (549ms)
				ProcessInitializeOnLoadMethodAttributes (83ms)
				AfterProcessingInitializeOnLoad (13ms)
				EditorAssembliesLoaded (1ms)
			ExecutionOrderSort2 (0ms)
			AwakeInstancesAfterBackupRestoration (29ms)
Platform modules already initialized, skipping
Refreshing native plugins compatible for Editor in 19.84 ms, found 8 plugins.
Preloading 0 native plugins for Editor in 0.00 ms.
Unloading 5966 Unused Serialized files (Serialized files now loaded: 0)
Unloading 103 unused Assets / (0.7 MB). Loaded Objects now: 6583.
Memory consumption went from 229.8 MB to 229.1 MB.
Total: 8.181000 ms (FindLiveObjects: 0.533100 ms CreateObjectMapping: 0.536000 ms MarkObjects: 6.459500 ms  DeleteObjects: 0.650700 ms)

AssetImportParameters requested are different than current active one (requested -> active):
  custom:video-decoder-ogg-theora: a1e56fd34408186e4bbccfd4996cb3dc -> 
  custom:container-muxer-webm: aa71ff27fc2769a1b78a27578f13a17b -> 
  custom:container-demuxer-webm: 4f35f7cbe854078d1ac9338744f61a02 -> 
  custom:FusionILWeaverTriggerImporter/ConfigHash: 841ae3c624cefb6ec2fa1ff7f4c36f56 -> 
  custom:video-encoder-webm-vp8: eb34c28f22e8b96e1ab97ce403110664 -> 
  custom:CustomObjectIndexerAttribute: 6b0e35c9178b02a6363f3721b7b8e397 -> 
  custom:audio-encoder-webm-vorbis: bf7c407c2cedff20999df2af8eb42d56 -> 
  custom:framework-win-MediaFoundation: 216162199b28c13a410421893ffa2e32 -> 
  custom:container-demuxer-ogg: 62fdf1f143b41e24485cea50d1cbac27 -> 
  custom:video-decoder-webm-vp8: 9c59270c3fd7afecdb556c50c9e8de78 -> 
  custom:audio-decoder-ogg-vorbis: bf7c407c2cedff20999df2af8eb42d56 -> 
========================================================================
Received Prepare
Registering precompiled user dll's ...
Registered in 0.032396 seconds.
Begin MonoManager ReloadAssembly
Symbol file LoadedFromMemory doesn't match image D:\FreeLance\NewChess\AmericanCatur\Library\PackageCache\com.unity.visualscripting@1.8.0\Editor\VisualScripting.Core\Dependencies\DotNetZip\Unity.VisualScripting.IonicZip.dll
Symbol file LoadedFromMemory is not a mono symbol file
Symbol file LoadedFromMemory doesn't match image D:\FreeLance\NewChess\AmericanCatur\Library\PackageCache\com.unity.visualscripting@1.8.0\Editor\VisualScripting.Core\Dependencies\YamlDotNet\Unity.VisualScripting.YamlDotNet.dll
Native extension for WindowsStandalone target not found
Native extension for WebGL target not found
Refreshing native plugins compatible for Editor in 3.06 ms, found 8 plugins.
Preloading 0 native plugins for Editor in 0.00 ms.
Refresh completed but there are assets queued up for importing. Check for code that modifies assets which gets called after OnPostProcessAllAssets. Additional details in Log file
UnityEngine.StackTraceUtility:ExtractStackTrace ()
UnityEditor.AssetDatabase:ImportAsset (string)
Fusion.Editor.NetworkProjectConfigUtilities:EditTimeLoadGlobalConfigWrapper () (at Assets/Photon/Fusion/Scripts/Editor/Fusion.Editor.cs:10325)
Fusion.NetworkProjectConfig/Static/<>c:<Reload>b__6_0 () (at Fusion/Fusion.Runtime/Runner/NetworkProjectConfig.cs:512)
System.Lazy`1<Fusion.NetworkProjectConfigAsset>:ViaFactory (System.Threading.LazyThreadSafetyMode)
System.Lazy`1<Fusion.NetworkProjectConfigAsset>:CreateValue ()
System.Lazy`1<Fusion.NetworkProjectConfigAsset>:get_Value ()
Fusion.NetworkProjectConfig:get_Global () (at Fusion/Fusion.Runtime/Runner/NetworkProjectConfig.cs:151)
Photon.Voice.Fusion.Editor.VoiceEditorHelper:AddVoiceAsmdef () (at Assets/Photon/PhotonVoice/Code/Fusion/Editor/VoiceEditorHelper.cs:37)
Photon.Voice.Fusion.Editor.VoiceEditorHelper:.cctor () (at Assets/Photon/PhotonVoice/Code/Fusion/Editor/VoiceEditorHelper.cs:15)
System.Runtime.CompilerServices.RuntimeHelpers:RunClassConstructor (System.RuntimeTypeHandle)
UnityEditor.EditorAssemblies:ProcessInitializeOnLoadAttributes (System.Type[])

[Assets/Photon/Fusion/Scripts/Editor/Fusion.Editor.cs line 10325]

Assets queued for import after Refresh completed:
	Assets/Photon/Fusion/Resources/NetworkProjectConfig.fusion
Asset Pipeline Refresh: Total: 0.002 seconds - Initiated by StopAssetImportingV2(NoUpdateAssetOptions)
Assertion failed on expression: 'm_Ptr'
UnityEngine.StackTraceUtility:ExtractStackTrace ()
UnityEditor.AssetDatabase:ImportAsset (string)
Fusion.Editor.NetworkProjectConfigUtilities:EditTimeLoadGlobalConfigWrapper () (at Assets/Photon/Fusion/Scripts/Editor/Fusion.Editor.cs:10325)
Fusion.NetworkProjectConfig/Static/<>c:<Reload>b__6_0 () (at Fusion/Fusion.Runtime/Runner/NetworkProjectConfig.cs:512)
System.Lazy`1<Fusion.NetworkProjectConfigAsset>:ViaFactory (System.Threading.LazyThreadSafetyMode)
System.Lazy`1<Fusion.NetworkProjectConfigAsset>:CreateValue ()
System.Lazy`1<Fusion.NetworkProjectConfigAsset>:get_Value ()
Fusion.NetworkProjectConfig:get_Global () (at Fusion/Fusion.Runtime/Runner/NetworkProjectConfig.cs:151)
Photon.Voice.Fusion.Editor.VoiceEditorHelper:AddVoiceAsmdef () (at Assets/Photon/PhotonVoice/Code/Fusion/Editor/VoiceEditorHelper.cs:37)
Photon.Voice.Fusion.Editor.VoiceEditorHelper:.cctor () (at Assets/Photon/PhotonVoice/Code/Fusion/Editor/VoiceEditorHelper.cs:15)
System.Runtime.CompilerServices.RuntimeHelpers:RunClassConstructor (System.RuntimeTypeHandle)
UnityEditor.EditorAssemblies:ProcessInitializeOnLoadAttributes (System.Type[])

[Assets/Photon/Fusion/Scripts/Editor/Fusion.Editor.cs line 10325]

<color=#73ACE5>[Fusion/Config]</color> Config created/dirty during import, this is not supported
UnityEngine.StackTraceUtility:ExtractStackTrace ()
UnityEngine.DebugLogHandler:LogFormat (UnityEngine.LogType,UnityEngine.Object,string,object[])
UnityEngine.Logger:Log (UnityEngine.LogType,object)
UnityEngine.Debug:LogWarning (object)
Fusion.Editor.FusionEditorLog:WarnConfig (string) (at Assets/Photon/Fusion/Scripts/Editor/Fusion.Editor.cs:9866)
Fusion.Editor.NetworkProjectConfigUtilities:EditTimeLoadGlobalConfigWrapper () (at Assets/Photon/Fusion/Scripts/Editor/Fusion.Editor.cs:10331)
Fusion.NetworkProjectConfig/Static/<>c:<Reload>b__6_0 () (at Fusion/Fusion.Runtime/Runner/NetworkProjectConfig.cs:512)
System.Lazy`1<Fusion.NetworkProjectConfigAsset>:ViaFactory (System.Threading.LazyThreadSafetyMode)
System.Lazy`1<Fusion.NetworkProjectConfigAsset>:CreateValue ()
System.Lazy`1<Fusion.NetworkProjectConfigAsset>:get_Value ()
Fusion.NetworkProjectConfig:get_Global () (at Fusion/Fusion.Runtime/Runner/NetworkProjectConfig.cs:151)
Photon.Voice.Fusion.Editor.VoiceEditorHelper:AddVoiceAsmdef () (at Assets/Photon/PhotonVoice/Code/Fusion/Editor/VoiceEditorHelper.cs:37)
Photon.Voice.Fusion.Editor.VoiceEditorHelper:.cctor () (at Assets/Photon/PhotonVoice/Code/Fusion/Editor/VoiceEditorHelper.cs:15)
System.Runtime.CompilerServices.RuntimeHelpers:RunClassConstructor (System.RuntimeTypeHandle)
UnityEditor.EditorAssemblies:ProcessInitializeOnLoadAttributes (System.Type[])

(Filename: Assets/Photon/Fusion/Scripts/Editor/Fusion.Editor.cs Line: 9866)

Mono: successfully reloaded assembly
- Completed reload, in  2.672 seconds
Domain Reload Profiling:
	ReloadAssembly (2673ms)
		BeginReloadAssembly (296ms)
			ExecutionOrderSort (0ms)
			DisableScriptedObjects (38ms)
			BackupInstance (0ms)
			ReleaseScriptingObjects (0ms)
			CreateAndSetChildDomain (84ms)
		EndReloadAssembly (2141ms)
			LoadAssemblies (215ms)
			RebuildTransferFunctionScriptingTraits (0ms)
			SetupTypeCache (639ms)
			ReleaseScriptCaches (3ms)
			RebuildScriptCaches (119ms)
			SetupLoadedEditorAssemblies (1024ms)
				LogAssemblyErrors (0ms)
				InitializePlatformSupportModulesInManaged (14ms)
				SetLoadedEditorAssemblies (1ms)
				RefreshPlugins (3ms)
				BeforeProcessingInitializeOnLoad (254ms)
				ProcessInitializeOnLoadAttributes (635ms)
				ProcessInitializeOnLoadMethodAttributes (102ms)
				AfterProcessingInitializeOnLoad (13ms)
				EditorAssembliesLoaded (1ms)
			ExecutionOrderSort2 (0ms)
			AwakeInstancesAfterBackupRestoration (24ms)
Platform modules already initialized, skipping
Refreshing native plugins compatible for Editor in 11.66 ms, found 8 plugins.
Preloading 0 native plugins for Editor in 0.00 ms.
Unloading 5966 Unused Serialized files (Serialized files now loaded: 0)
Unloading 103 unused Assets / (0.7 MB). Loaded Objects now: 6588.
Memory consumption went from 229.8 MB to 229.1 MB.
Total: 6.369800 ms (FindLiveObjects: 0.524200 ms CreateObjectMapping: 0.765400 ms MarkObjects: 4.650400 ms  DeleteObjects: 0.428400 ms)

AssetImportParameters requested are different than current active one (requested -> active):
  custom:video-decoder-ogg-theora: a1e56fd34408186e4bbccfd4996cb3dc -> 
  custom:container-muxer-webm: aa71ff27fc2769a1b78a27578f13a17b -> 
  custom:container-demuxer-webm: 4f35f7cbe854078d1ac9338744f61a02 -> 
  custom:FusionILWeaverTriggerImporter/ConfigHash: 841ae3c624cefb6ec2fa1ff7f4c36f56 -> 
  custom:video-encoder-webm-vp8: eb34c28f22e8b96e1ab97ce403110664 -> 
  custom:CustomObjectIndexerAttribute: 6b0e35c9178b02a6363f3721b7b8e397 -> 
  custom:audio-encoder-webm-vorbis: bf7c407c2cedff20999df2af8eb42d56 -> 
  custom:framework-win-MediaFoundation: 216162199b28c13a410421893ffa2e32 -> 
  custom:container-demuxer-ogg: 62fdf1f143b41e24485cea50d1cbac27 -> 
  custom:video-decoder-webm-vp8: 9c59270c3fd7afecdb556c50c9e8de78 -> 
  custom:audio-decoder-ogg-vorbis: bf7c407c2cedff20999df2af8eb42d56 -> 
========================================================================
Received Prepare
Registering precompiled user dll's ...
Registered in 0.049607 seconds.
Begin MonoManager ReloadAssembly
Symbol file LoadedFromMemory doesn't match image D:\FreeLance\NewChess\AmericanCatur\Library\PackageCache\com.unity.visualscripting@1.8.0\Editor\VisualScripting.Core\Dependencies\DotNetZip\Unity.VisualScripting.IonicZip.dll
Symbol file LoadedFromMemory is not a mono symbol file
Symbol file LoadedFromMemory doesn't match image D:\FreeLance\NewChess\AmericanCatur\Library\PackageCache\com.unity.visualscripting@1.8.0\Editor\VisualScripting.Core\Dependencies\YamlDotNet\Unity.VisualScripting.YamlDotNet.dll
Native extension for WindowsStandalone target not found
Native extension for WebGL target not found
Refreshing native plugins compatible for Editor in 3.50 ms, found 8 plugins.
Preloading 0 native plugins for Editor in 0.00 ms.
Refresh completed but there are assets queued up for importing. Check for code that modifies assets which gets called after OnPostProcessAllAssets. Additional details in Log file
UnityEngine.StackTraceUtility:ExtractStackTrace ()
UnityEditor.AssetDatabase:ImportAsset (string)
Fusion.Editor.NetworkProjectConfigUtilities:EditTimeLoadGlobalConfigWrapper () (at Assets/Photon/Fusion/Scripts/Editor/Fusion.Editor.cs:10325)
Fusion.NetworkProjectConfig/Static/<>c:<Reload>b__6_0 () (at Fusion/Fusion.Runtime/Runner/NetworkProjectConfig.cs:512)
System.Lazy`1<Fusion.NetworkProjectConfigAsset>:ViaFactory (System.Threading.LazyThreadSafetyMode)
System.Lazy`1<Fusion.NetworkProjectConfigAsset>:CreateValue ()
System.Lazy`1<Fusion.NetworkProjectConfigAsset>:get_Value ()
Fusion.NetworkProjectConfig:get_Global () (at Fusion/Fusion.Runtime/Runner/NetworkProjectConfig.cs:151)
Photon.Voice.Fusion.Editor.VoiceEditorHelper:AddVoiceAsmdef () (at Assets/Photon/PhotonVoice/Code/Fusion/Editor/VoiceEditorHelper.cs:37)
Photon.Voice.Fusion.Editor.VoiceEditorHelper:.cctor () (at Assets/Photon/PhotonVoice/Code/Fusion/Editor/VoiceEditorHelper.cs:15)
System.Runtime.CompilerServices.RuntimeHelpers:RunClassConstructor (System.RuntimeTypeHandle)
UnityEditor.EditorAssemblies:ProcessInitializeOnLoadAttributes (System.Type[])

[Assets/Photon/Fusion/Scripts/Editor/Fusion.Editor.cs line 10325]

Assets queued for import after Refresh completed:
	Assets/Photon/Fusion/Resources/NetworkProjectConfig.fusion
Asset Pipeline Refresh: Total: 0.013 seconds - Initiated by StopAssetImportingV2(NoUpdateAssetOptions)
Assertion failed on expression: 'm_Ptr'
UnityEngine.StackTraceUtility:ExtractStackTrace ()
UnityEditor.AssetDatabase:ImportAsset (string)
Fusion.Editor.NetworkProjectConfigUtilities:EditTimeLoadGlobalConfigWrapper () (at Assets/Photon/Fusion/Scripts/Editor/Fusion.Editor.cs:10325)
Fusion.NetworkProjectConfig/Static/<>c:<Reload>b__6_0 () (at Fusion/Fusion.Runtime/Runner/NetworkProjectConfig.cs:512)
System.Lazy`1<Fusion.NetworkProjectConfigAsset>:ViaFactory (System.Threading.LazyThreadSafetyMode)
System.Lazy`1<Fusion.NetworkProjectConfigAsset>:CreateValue ()
System.Lazy`1<Fusion.NetworkProjectConfigAsset>:get_Value ()
Fusion.NetworkProjectConfig:get_Global () (at Fusion/Fusion.Runtime/Runner/NetworkProjectConfig.cs:151)
Photon.Voice.Fusion.Editor.VoiceEditorHelper:AddVoiceAsmdef () (at Assets/Photon/PhotonVoice/Code/Fusion/Editor/VoiceEditorHelper.cs:37)
Photon.Voice.Fusion.Editor.VoiceEditorHelper:.cctor () (at Assets/Photon/PhotonVoice/Code/Fusion/Editor/VoiceEditorHelper.cs:15)
System.Runtime.CompilerServices.RuntimeHelpers:RunClassConstructor (System.RuntimeTypeHandle)
UnityEditor.EditorAssemblies:ProcessInitializeOnLoadAttributes (System.Type[])

[Assets/Photon/Fusion/Scripts/Editor/Fusion.Editor.cs line 10325]

<color=#73ACE5>[Fusion/Config]</color> Config created/dirty during import, this is not supported
UnityEngine.StackTraceUtility:ExtractStackTrace ()
UnityEngine.DebugLogHandler:LogFormat (UnityEngine.LogType,UnityEngine.Object,string,object[])
UnityEngine.Logger:Log (UnityEngine.LogType,object)
UnityEngine.Debug:LogWarning (object)
Fusion.Editor.FusionEditorLog:WarnConfig (string) (at Assets/Photon/Fusion/Scripts/Editor/Fusion.Editor.cs:9866)
Fusion.Editor.NetworkProjectConfigUtilities:EditTimeLoadGlobalConfigWrapper () (at Assets/Photon/Fusion/Scripts/Editor/Fusion.Editor.cs:10331)
Fusion.NetworkProjectConfig/Static/<>c:<Reload>b__6_0 () (at Fusion/Fusion.Runtime/Runner/NetworkProjectConfig.cs:512)
System.Lazy`1<Fusion.NetworkProjectConfigAsset>:ViaFactory (System.Threading.LazyThreadSafetyMode)
System.Lazy`1<Fusion.NetworkProjectConfigAsset>:CreateValue ()
System.Lazy`1<Fusion.NetworkProjectConfigAsset>:get_Value ()
Fusion.NetworkProjectConfig:get_Global () (at Fusion/Fusion.Runtime/Runner/NetworkProjectConfig.cs:151)
Photon.Voice.Fusion.Editor.VoiceEditorHelper:AddVoiceAsmdef () (at Assets/Photon/PhotonVoice/Code/Fusion/Editor/VoiceEditorHelper.cs:37)
Photon.Voice.Fusion.Editor.VoiceEditorHelper:.cctor () (at Assets/Photon/PhotonVoice/Code/Fusion/Editor/VoiceEditorHelper.cs:15)
System.Runtime.CompilerServices.RuntimeHelpers:RunClassConstructor (System.RuntimeTypeHandle)
UnityEditor.EditorAssemblies:ProcessInitializeOnLoadAttributes (System.Type[])

(Filename: Assets/Photon/Fusion/Scripts/Editor/Fusion.Editor.cs Line: 9866)

Mono: successfully reloaded assembly
- Completed reload, in  7.262 seconds
Domain Reload Profiling:
	ReloadAssembly (7264ms)
		BeginReloadAssembly (382ms)
			ExecutionOrderSort (0ms)
			DisableScriptedObjects (26ms)
			BackupInstance (0ms)
			ReleaseScriptingObjects (0ms)
			CreateAndSetChildDomain (121ms)
		EndReloadAssembly (6518ms)
			LoadAssemblies (477ms)
			RebuildTransferFunctionScriptingTraits (0ms)
			SetupTypeCache (2170ms)
			ReleaseScriptCaches (7ms)
			RebuildScriptCaches (354ms)
			SetupLoadedEditorAssemblies (2920ms)
				LogAssemblyErrors (0ms)
				InitializePlatformSupportModulesInManaged (26ms)
				SetLoadedEditorAssemblies (3ms)
				RefreshPlugins (4ms)
				BeforeProcessingInitializeOnLoad (548ms)
				ProcessInitializeOnLoadAttributes (2079ms)
				ProcessInitializeOnLoadMethodAttributes (233ms)
				AfterProcessingInitializeOnLoad (27ms)
				EditorAssembliesLoaded (1ms)
			ExecutionOrderSort2 (0ms)
			AwakeInstancesAfterBackupRestoration (76ms)
Platform modules already initialized, skipping
Refreshing native plugins compatible for Editor in 42.62 ms, found 8 plugins.
Preloading 0 native plugins for Editor in 0.00 ms.
Unloading 5966 Unused Serialized files (Serialized files now loaded: 0)
Unloading 103 unused Assets / (0.7 MB). Loaded Objects now: 6593.
Memory consumption went from 229.8 MB to 229.1 MB.
Total: 19.555300 ms (FindLiveObjects: 1.184700 ms CreateObjectMapping: 2.503000 ms MarkObjects: 14.241100 ms  DeleteObjects: 1.624000 ms)

AssetImportParameters requested are different than current active one (requested -> active):
  custom:video-decoder-ogg-theora: a1e56fd34408186e4bbccfd4996cb3dc -> 
  custom:container-muxer-webm: aa71ff27fc2769a1b78a27578f13a17b -> 
  custom:container-demuxer-webm: 4f35f7cbe854078d1ac9338744f61a02 -> 
  custom:FusionILWeaverTriggerImporter/ConfigHash: 841ae3c624cefb6ec2fa1ff7f4c36f56 -> 
  custom:video-encoder-webm-vp8: eb34c28f22e8b96e1ab97ce403110664 -> 
  custom:CustomObjectIndexerAttribute: 6b0e35c9178b02a6363f3721b7b8e397 -> 
  custom:audio-encoder-webm-vorbis: bf7c407c2cedff20999df2af8eb42d56 -> 
  custom:framework-win-MediaFoundation: 216162199b28c13a410421893ffa2e32 -> 
  custom:container-demuxer-ogg: 62fdf1f143b41e24485cea50d1cbac27 -> 
  custom:video-decoder-webm-vp8: 9c59270c3fd7afecdb556c50c9e8de78 -> 
  custom:audio-decoder-ogg-vorbis: bf7c407c2cedff20999df2af8eb42d56 -> 
========================================================================
Received Prepare
Registering precompiled user dll's ...
Registered in 0.035600 seconds.
Begin MonoManager ReloadAssembly
Symbol file LoadedFromMemory doesn't match image D:\FreeLance\NewChess\AmericanCatur\Library\PackageCache\com.unity.visualscripting@1.8.0\Editor\VisualScripting.Core\Dependencies\DotNetZip\Unity.VisualScripting.IonicZip.dll
Symbol file LoadedFromMemory is not a mono symbol file
Symbol file LoadedFromMemory doesn't match image D:\FreeLance\NewChess\AmericanCatur\Library\PackageCache\com.unity.visualscripting@1.8.0\Editor\VisualScripting.Core\Dependencies\YamlDotNet\Unity.VisualScripting.YamlDotNet.dll
Native extension for WindowsStandalone target not found
Native extension for WebGL target not found
Refreshing native plugins compatible for Editor in 32.39 ms, found 8 plugins.
Preloading 0 native plugins for Editor in 0.00 ms.
Refresh completed but there are assets queued up for importing. Check for code that modifies assets which gets called after OnPostProcessAllAssets. Additional details in Log file
UnityEngine.StackTraceUtility:ExtractStackTrace ()
UnityEditor.AssetDatabase:ImportAsset (string)
Fusion.Editor.NetworkProjectConfigUtilities:EditTimeLoadGlobalConfigWrapper () (at Assets/Photon/Fusion/Scripts/Editor/Fusion.Editor.cs:10325)
Fusion.NetworkProjectConfig/Static/<>c:<Reload>b__6_0 () (at Fusion/Fusion.Runtime/Runner/NetworkProjectConfig.cs:512)
System.Lazy`1<Fusion.NetworkProjectConfigAsset>:ViaFactory (System.Threading.LazyThreadSafetyMode)
System.Lazy`1<Fusion.NetworkProjectConfigAsset>:CreateValue ()
System.Lazy`1<Fusion.NetworkProjectConfigAsset>:get_Value ()
Fusion.NetworkProjectConfig:get_Global () (at Fusion/Fusion.Runtime/Runner/NetworkProjectConfig.cs:151)
Photon.Voice.Fusion.Editor.VoiceEditorHelper:AddVoiceAsmdef () (at Assets/Photon/PhotonVoice/Code/Fusion/Editor/VoiceEditorHelper.cs:37)
Photon.Voice.Fusion.Editor.VoiceEditorHelper:.cctor () (at Assets/Photon/PhotonVoice/Code/Fusion/Editor/VoiceEditorHelper.cs:15)
System.Runtime.CompilerServices.RuntimeHelpers:RunClassConstructor (System.RuntimeTypeHandle)
UnityEditor.EditorAssemblies:ProcessInitializeOnLoadAttributes (System.Type[])

[Assets/Photon/Fusion/Scripts/Editor/Fusion.Editor.cs line 10325]

Assets queued for import after Refresh completed:
	Assets/Photon/Fusion/Resources/NetworkProjectConfig.fusion
Asset Pipeline Refresh: Total: 0.015 seconds - Initiated by StopAssetImportingV2(NoUpdateAssetOptions)
Assertion failed on expression: 'm_Ptr'
UnityEngine.StackTraceUtility:ExtractStackTrace ()
UnityEditor.AssetDatabase:ImportAsset (string)
Fusion.Editor.NetworkProjectConfigUtilities:EditTimeLoadGlobalConfigWrapper () (at Assets/Photon/Fusion/Scripts/Editor/Fusion.Editor.cs:10325)
Fusion.NetworkProjectConfig/Static/<>c:<Reload>b__6_0 () (at Fusion/Fusion.Runtime/Runner/NetworkProjectConfig.cs:512)
System.Lazy`1<Fusion.NetworkProjectConfigAsset>:ViaFactory (System.Threading.LazyThreadSafetyMode)
System.Lazy`1<Fusion.NetworkProjectConfigAsset>:CreateValue ()
System.Lazy`1<Fusion.NetworkProjectConfigAsset>:get_Value ()
Fusion.NetworkProjectConfig:get_Global () (at Fusion/Fusion.Runtime/Runner/NetworkProjectConfig.cs:151)
Photon.Voice.Fusion.Editor.VoiceEditorHelper:AddVoiceAsmdef () (at Assets/Photon/PhotonVoice/Code/Fusion/Editor/VoiceEditorHelper.cs:37)
Photon.Voice.Fusion.Editor.VoiceEditorHelper:.cctor () (at Assets/Photon/PhotonVoice/Code/Fusion/Editor/VoiceEditorHelper.cs:15)
System.Runtime.CompilerServices.RuntimeHelpers:RunClassConstructor (System.RuntimeTypeHandle)
UnityEditor.EditorAssemblies:ProcessInitializeOnLoadAttributes (System.Type[])

[Assets/Photon/Fusion/Scripts/Editor/Fusion.Editor.cs line 10325]

<color=#73ACE5>[Fusion/Config]</color> Config created/dirty during import, this is not supported
UnityEngine.StackTraceUtility:ExtractStackTrace ()
UnityEngine.DebugLogHandler:LogFormat (UnityEngine.LogType,UnityEngine.Object,string,object[])
UnityEngine.Logger:Log (UnityEngine.LogType,object)
UnityEngine.Debug:LogWarning (object)
Fusion.Editor.FusionEditorLog:WarnConfig (string) (at Assets/Photon/Fusion/Scripts/Editor/Fusion.Editor.cs:9866)
Fusion.Editor.NetworkProjectConfigUtilities:EditTimeLoadGlobalConfigWrapper () (at Assets/Photon/Fusion/Scripts/Editor/Fusion.Editor.cs:10331)
Fusion.NetworkProjectConfig/Static/<>c:<Reload>b__6_0 () (at Fusion/Fusion.Runtime/Runner/NetworkProjectConfig.cs:512)
System.Lazy`1<Fusion.NetworkProjectConfigAsset>:ViaFactory (System.Threading.LazyThreadSafetyMode)
System.Lazy`1<Fusion.NetworkProjectConfigAsset>:CreateValue ()
System.Lazy`1<Fusion.NetworkProjectConfigAsset>:get_Value ()
Fusion.NetworkProjectConfig:get_Global () (at Fusion/Fusion.Runtime/Runner/NetworkProjectConfig.cs:151)
Photon.Voice.Fusion.Editor.VoiceEditorHelper:AddVoiceAsmdef () (at Assets/Photon/PhotonVoice/Code/Fusion/Editor/VoiceEditorHelper.cs:37)
Photon.Voice.Fusion.Editor.VoiceEditorHelper:.cctor () (at Assets/Photon/PhotonVoice/Code/Fusion/Editor/VoiceEditorHelper.cs:15)
System.Runtime.CompilerServices.RuntimeHelpers:RunClassConstructor (System.RuntimeTypeHandle)
UnityEditor.EditorAssemblies:ProcessInitializeOnLoadAttributes (System.Type[])

(Filename: Assets/Photon/Fusion/Scripts/Editor/Fusion.Editor.cs Line: 9866)

Mono: successfully reloaded assembly
- Completed reload, in  7.047 seconds
Domain Reload Profiling:
	ReloadAssembly (7050ms)
		BeginReloadAssembly (379ms)
			ExecutionOrderSort (0ms)
			DisableScriptedObjects (31ms)
			BackupInstance (0ms)
			ReleaseScriptingObjects (0ms)
			CreateAndSetChildDomain (128ms)
		EndReloadAssembly (6397ms)
			LoadAssemblies (340ms)
			RebuildTransferFunctionScriptingTraits (0ms)
			SetupTypeCache (1821ms)
			ReleaseScriptCaches (8ms)
			RebuildScriptCaches (474ms)
			SetupLoadedEditorAssemblies (3168ms)
				LogAssemblyErrors (0ms)
				InitializePlatformSupportModulesInManaged (49ms)
				SetLoadedEditorAssemblies (9ms)
				RefreshPlugins (33ms)
				BeforeProcessingInitializeOnLoad (680ms)
				ProcessInitializeOnLoadAttributes (2127ms)
				ProcessInitializeOnLoadMethodAttributes (246ms)
				AfterProcessingInitializeOnLoad (24ms)
				EditorAssembliesLoaded (1ms)
			ExecutionOrderSort2 (0ms)
			AwakeInstancesAfterBackupRestoration (50ms)
Platform modules already initialized, skipping
Refreshing native plugins compatible for Editor in 40.82 ms, found 8 plugins.
Preloading 0 native plugins for Editor in 0.00 ms.
Unloading 5966 Unused Serialized files (Serialized files now loaded: 0)
Unloading 103 unused Assets / (0.7 MB). Loaded Objects now: 6598.
Memory consumption went from 229.9 MB to 229.2 MB.
Total: 9.813800 ms (FindLiveObjects: 1.378600 ms CreateObjectMapping: 1.802500 ms MarkObjects: 6.104600 ms  DeleteObjects: 0.525200 ms)

AssetImportParameters requested are different than current active one (requested -> active):
  custom:video-decoder-ogg-theora: a1e56fd34408186e4bbccfd4996cb3dc -> 
  custom:container-muxer-webm: aa71ff27fc2769a1b78a27578f13a17b -> 
  custom:container-demuxer-webm: 4f35f7cbe854078d1ac9338744f61a02 -> 
  custom:FusionILWeaverTriggerImporter/ConfigHash: 841ae3c624cefb6ec2fa1ff7f4c36f56 -> 
  custom:video-encoder-webm-vp8: eb34c28f22e8b96e1ab97ce403110664 -> 
  custom:CustomObjectIndexerAttribute: 6b0e35c9178b02a6363f3721b7b8e397 -> 
  custom:audio-encoder-webm-vorbis: bf7c407c2cedff20999df2af8eb42d56 -> 
  custom:framework-win-MediaFoundation: 216162199b28c13a410421893ffa2e32 -> 
  custom:container-demuxer-ogg: 62fdf1f143b41e24485cea50d1cbac27 -> 
  custom:video-decoder-webm-vp8: 9c59270c3fd7afecdb556c50c9e8de78 -> 
  custom:audio-decoder-ogg-vorbis: bf7c407c2cedff20999df2af8eb42d56 -> 
